<?xml version="1.0" encoding="UTF-8"?>
<!-- Generated by org.testng.reporters.JUnitXMLReporter -->
<testsuite ignored="0" hostname="ucreate-65-PC" failures="11" tests="11" name="Test" time="328.578" errors="0" timestamp="27 May 2019 07:44:52 GMT">
  <testcase classname="Maven.Forgotpassword" name="testredirectforgot" time="0.461">
    <failure type="java.lang.AssertionError" message="Let’s find your password! expected:&amp;lt;Let’s find your password!&amp;gt; but was:&amp;lt;testcase failed text not matched.&amp;gt;">
      <![CDATA[java.lang.AssertionError: Let’s find your password! expected:<Let’s find your password!> but was:<testcase failed text not matched.>
at Maven.Forgotpassword.testredirectforgot(Forgotpassword.java:50)
... Removed 26 stack frames]]>
    </failure>
  </testcase> <!-- testredirectforgot -->
  <testcase classname="Maven.Forgotpassword" name="testwithblankemail" time="3.838">
    <failure type="java.lang.AssertionError" message="Please enter a valid email. expected:&amp;lt;Please enter a valid email.&amp;gt; but was:&amp;lt;testcase failed text not matched.&amp;gt;">
      <![CDATA[java.lang.AssertionError: Please enter a valid email. expected:<Please enter a valid email.> but was:<testcase failed text not matched.>
at Maven.Forgotpassword.testwithblankemail(Forgotpassword.java:93)
... Removed 26 stack frames]]>
    </failure>
  </testcase> <!-- testwithblankemail -->
  <testcase classname="Maven.Forgotpassword" name="testwithblankpassword" time="3.265">
    <failure type="java.lang.AssertionError" message="An email has been sent to you with password reset instructions. expected:&amp;lt;An email has been sent to you with password reset instructions.&amp;gt; but was:&amp;lt;testcase passed with invalid details&amp;gt;">
      <![CDATA[java.lang.AssertionError: An email has been sent to you with password reset instructions. expected:<An email has been sent to you with password reset instructions.> but was:<testcase passed with invalid details>
at Maven.Forgotpassword.testwithblankpassword(Forgotpassword.java:146)
... Removed 26 stack frames]]>
    </failure>
  </testcase> <!-- testwithblankpassword -->
  <testcase classname="Maven.Forgotpassword" name="testwithdifferentpassword" time="3.286">
    <failure type="java.lang.AssertionError" message="An email has been sent to you with password reset instructions. expected:&amp;lt;An email has been sent to you with password reset instructions.&amp;gt; but was:&amp;lt;testcase passed with invalid details&amp;gt;">
      <![CDATA[java.lang.AssertionError: An email has been sent to you with password reset instructions. expected:<An email has been sent to you with password reset instructions.> but was:<testcase passed with invalid details>
at Maven.Forgotpassword.testwithdifferentpassword(Forgotpassword.java:210)
... Removed 26 stack frames]]>
    </failure>
  </testcase> <!-- testwithdifferentpassword -->
  <testcase classname="Maven.Forgotpassword" name="testwithinvalidemail" time="3.276">
    <failure type="java.lang.AssertionError" message="Please enter a valid email. expected:&amp;lt;Please enter a valid email.&amp;gt; but was:&amp;lt;testcase failed text not matched.&amp;gt;">
      <![CDATA[java.lang.AssertionError: Please enter a valid email. expected:<Please enter a valid email.> but was:<testcase failed text not matched.>
at Maven.Forgotpassword.testwithinvalidemail(Forgotpassword.java:78)
... Removed 26 stack frames]]>
    </failure>
  </testcase> <!-- testwithinvalidemail -->
  <testcase classname="Maven.Forgotpassword" name="testwithunmatchedformatpassword" time="5.286">
    <failure type="java.lang.AssertionError" message="An email has been sent to you with password reset instructions. expected:&amp;lt;An email has been sent to you with password reset instructions.&amp;gt; but was:&amp;lt;testcase passed with invalid details&amp;gt;">
      <![CDATA[java.lang.AssertionError: An email has been sent to you with password reset instructions. expected:<An email has been sent to you with password reset instructions.> but was:<testcase passed with invalid details>
at Maven.Forgotpassword.testwithunmatchedformatpassword(Forgotpassword.java:177)
... Removed 26 stack frames]]>
    </failure>
  </testcase> <!-- testwithunmatchedformatpassword -->
  <testcase classname="Maven.Forgotpassword" name="testwithvalidemail" time="3.317">
    <failure type="java.lang.AssertionError" message="An email has been sent to you with password reset instructions. expected:&amp;lt;An email has been sent to you with password reset instructions.&amp;gt; but was:&amp;lt;testcase failed text not matched.&amp;gt;">
      <![CDATA[java.lang.AssertionError: An email has been sent to you with password reset instructions. expected:<An email has been sent to you with password reset instructions.> but was:<testcase failed text not matched.>
at Maven.Forgotpassword.testwithvalidemail(Forgotpassword.java:64)
... Removed 26 stack frames]]>
    </failure>
  </testcase> <!-- testwithvalidemail -->
  <testcase classname="Maven.Forgotpassword" name="testwithvalidpassword" time="1.896">
    <failure type="java.lang.AssertionError" message="An email has been sent to you with password reset instructions. expected:&amp;lt;An email has been sent to you with password reset instructions.&amp;gt; but was:&amp;lt;testcase passed with invalid details&amp;gt;">
      <![CDATA[java.lang.AssertionError: An email has been sent to you with password reset instructions. expected:<An email has been sent to you with password reset instructions.> but was:<testcase passed with invalid details>
at Maven.Forgotpassword.testwithvalidpassword(Forgotpassword.java:110)
... Removed 26 stack frames]]>
    </failure>
  </testcase> <!-- testwithvalidpassword -->
  <testcase classname="Maven.Driverinvite" name="createjobwithvaliddetails" time="8.353">
    <failure type="java.lang.AssertionError" message="This email address has not been recognised expected:&amp;lt;This email address has not been recognised&amp;gt; but was:&amp;lt;testcase passed with valid email and password&amp;gt;">
      <![CDATA[java.lang.AssertionError: This email address has not been recognised expected:<This email address has not been recognised> but was:<testcase passed with valid email and password>
at Maven.Driverinvite.createjobwithvaliddetails(Driverinvite.java:29)
... Removed 26 stack frames]]>
    </failure>
  </testcase> <!-- createjobwithvaliddetails -->
  <testcase classname="Maven.Driverinvite" name="drivervalidemail1" time="2.611">
    <failure type="java.lang.AssertionError" message="This email address has not been recognised expected:&amp;lt;This email address has not been recognised&amp;gt; but was:&amp;lt;testcase passed with valid email and password&amp;gt;">
      <![CDATA[java.lang.AssertionError: This email address has not been recognised expected:<This email address has not been recognised> but was:<testcase passed with valid email and password>
at Maven.Driverinvite.drivervalidemail1(Driverinvite.java:43)
... Removed 26 stack frames]]>
    </failure>
  </testcase> <!-- drivervalidemail1 -->
  <testcase classname="Maven.HCcreate" name="hcwithblankdetails" time="2.287">
    <failure type="org.openqa.selenium.ElementClickInterceptedException" message="element click intercepted: Element &amp;lt;button class=&amp;quot;green-primary-btn-small&amp;quot;&amp;gt;...&amp;lt;/button&amp;gt; is not clickable at point (1347, 728). Other element would receive the click: &amp;lt;iframe src=&amp;quot;https://app.hubspot.com/conversations-visitor/4584478/threads/utk/ab6f2957fcdb4413a9cdcee3710459d1?uuid=9ff2cbb61ffb4f05b5bd95f6e9a98301&amp;amp;amp;mobile=false&amp;amp;amp;mobileSafari=false&amp;amp;amp;open=false&amp;amp;amp;hideWelcomeMessage=false&amp;amp;amp;domain=uat.connected2.io&amp;amp;amp;inApp53=false&amp;amp;amp;messagesUtk=ab6f2957fcdb4413a9cdcee3710459d1&amp;amp;amp;url=https%3A%2F%2Fuat.connected2.io%2Fadminlogin&amp;amp;amp;inline=false&amp;quot;&amp;gt;&amp;lt;/iframe&amp;gt;
  (Session info: chrome=74.0.3729.169)
  (Driver info: chromedriver=74.0.3729.6 (255758eccf3d244491b8a1317aa76e1ce10d57e9-refs/branch-heads/3729@{#29}),platform=Windows NT 6.1.7601 SP1 x86_64) (WARNING: The server did not provide any stacktrace information)
Command duration or timeout: 0 milliseconds
Build info: version: &amp;apos;3.141.59&amp;apos;, revision: &amp;apos;e82be7d358&amp;apos;, time: &amp;apos;2018-11-14T08:17:03&amp;apos;
System info: host: &amp;apos;UCREATE-65-PC&amp;apos;, ip: &amp;apos;192.168.0.36&amp;apos;, os.name: &amp;apos;Windows 7&amp;apos;, os.arch: &amp;apos;amd64&amp;apos;, os.version: &amp;apos;6.1&amp;apos;, java.version: &amp;apos;12&amp;apos;
Driver info: org.openqa.selenium.chrome.ChromeDriver
Capabilities {acceptInsecureCerts: false, acceptSslCerts: false, applicationCacheEnabled: false, browserConnectionEnabled: false, browserName: chrome, chrome: {chromedriverVersion: 74.0.3729.6 (255758eccf3d24..., userDataDir: C:\Users\UCREAT~1\AppData\L...}, cssSelectorsEnabled: true, databaseEnabled: false, goog:chromeOptions: {debuggerAddress: localhost:62970}, handlesAlerts: true, hasTouchScreen: false, javascriptEnabled: true, locationContextEnabled: true, mobileEmulationEnabled: false, nativeEvents: true, networkConnectionEnabled: false, pageLoadStrategy: normal, platform: XP, platformName: XP, proxy: Proxy(), rotatable: false, setWindowRect: true, strictFileInteractability: false, takesHeapSnapshot: true, takesScreenshot: true, timeouts: {implicit: 0, pageLoad: 300000, script: 30000}, unexpectedAlertBehaviour: ignore, unhandledPromptBehavior: ignore, version: 74.0.3729.169, webStorageEnabled: true}
Session ID: 0003e3313b63a53102af5ea9d1bcc305">
      <![CDATA[org.openqa.selenium.ElementClickInterceptedException: element click intercepted: Element <button class="green-primary-btn-small">...</button> is not clickable at point (1347, 728). Other element would receive the click: <iframe src="https://app.hubspot.com/conversations-visitor/4584478/threads/utk/ab6f2957fcdb4413a9cdcee3710459d1?uuid=9ff2cbb61ffb4f05b5bd95f6e9a98301&amp;mobile=false&amp;mobileSafari=false&amp;open=false&amp;hideWelcomeMessage=false&amp;domain=uat.connected2.io&amp;inApp53=false&amp;messagesUtk=ab6f2957fcdb4413a9cdcee3710459d1&amp;url=https%3A%2F%2Fuat.connected2.io%2Fadminlogin&amp;inline=false"></iframe>
  (Session info: chrome=74.0.3729.169)
  (Driver info: chromedriver=74.0.3729.6 (255758eccf3d244491b8a1317aa76e1ce10d57e9-refs/branch-heads/3729@{#29}),platform=Windows NT 6.1.7601 SP1 x86_64) (WARNING: The server did not provide any stacktrace information)
Command duration or timeout: 0 milliseconds
Build info: version: '3.141.59', revision: 'e82be7d358', time: '2018-11-14T08:17:03'
System info: host: 'UCREATE-65-PC', ip: '192.168.0.36', os.name: 'Windows 7', os.arch: 'amd64', os.version: '6.1', java.version: '12'
Driver info: org.openqa.selenium.chrome.ChromeDriver
Capabilities {acceptInsecureCerts: false, acceptSslCerts: false, applicationCacheEnabled: false, browserConnectionEnabled: false, browserName: chrome, chrome: {chromedriverVersion: 74.0.3729.6 (255758eccf3d24..., userDataDir: C:\Users\UCREAT~1\AppData\L...}, cssSelectorsEnabled: true, databaseEnabled: false, goog:chromeOptions: {debuggerAddress: localhost:62970}, handlesAlerts: true, hasTouchScreen: false, javascriptEnabled: true, locationContextEnabled: true, mobileEmulationEnabled: false, nativeEvents: true, networkConnectionEnabled: false, pageLoadStrategy: normal, platform: XP, platformName: XP, proxy: Proxy(), rotatable: false, setWindowRect: true, strictFileInteractability: false, takesHeapSnapshot: true, takesScreenshot: true, timeouts: {implicit: 0, pageLoad: 300000, script: 30000}, unexpectedAlertBehaviour: ignore, unhandledPromptBehavior: ignore, version: 74.0.3729.169, webStorageEnabled: true}
Session ID: 0003e3313b63a53102af5ea9d1bcc305
at org.openqa.selenium.remote.ErrorHandler.createThrowable(ErrorHandler.java:214)
at org.openqa.selenium.remote.ErrorHandler.throwIfResponseFailed(ErrorHandler.java:166)
at org.openqa.selenium.remote.http.JsonHttpResponseCodec.reconstructValue(JsonHttpResponseCodec.java:40)
at org.openqa.selenium.remote.http.AbstractHttpResponseCodec.decode(AbstractHttpResponseCodec.java:80)
at org.openqa.selenium.remote.http.AbstractHttpResponseCodec.decode(AbstractHttpResponseCodec.java:44)
at org.openqa.selenium.remote.HttpCommandExecutor.execute(HttpCommandExecutor.java:158)
at org.openqa.selenium.remote.service.DriverCommandExecutor.execute(DriverCommandExecutor.java:83)
at org.openqa.selenium.remote.RemoteWebDriver.execute(RemoteWebDriver.java:552)
at org.openqa.selenium.remote.RemoteWebElement.execute(RemoteWebElement.java:285)
at org.openqa.selenium.remote.RemoteWebElement.click(RemoteWebElement.java:84)
at Maven.HCcreate.hcwithblankdetails(HCcreate.java:76)
... Removed 30 stack frames]]>
    </failure>
  </testcase> <!-- hcwithblankdetails -->
</testsuite> <!-- Test -->
