<!DOCTYPE html>

<html>
  <head>
  <meta charset='utf-8'>
  <title>TestNG reports</title>

    <link type="text/css" href="testng-reports.css" rel="stylesheet" />
    <script type="text/javascript" src="jquery-1.7.1.min.js"></script>
    <script type="text/javascript" src="testng-reports.js"></script>
    <script type="text/javascript" src="https://www.google.com/jsapi"></script>
    <script type='text/javascript'>
      google.load('visualization', '1', {packages:['table']});
      google.setOnLoadCallback(drawTable);
      var suiteTableInitFunctions = new Array();
      var suiteTableData = new Array();
    </script>
    <!--
      <script type="text/javascript" src="jquery-ui/js/jquery-ui-1.8.16.custom.min.js"></script>
     -->
  </head>

  <body>
    <div class="top-banner-root">
      <span class="top-banner-title-font">Test results</span>
      <br/>
      <span class="top-banner-font-1">1 suite, 18 failed tests</span>
    </div> <!-- top-banner-root -->
    <div class="navigator-root">
      <div class="navigator-suite-header">
        <span>All suites</span>
        <a href="#" title="Collapse/expand all the suites" class="collapse-all-link">
          <img src="collapseall.gif" class="collapse-all-icon">
          </img> <!-- collapse-all-icon -->
        </a> <!-- collapse-all-link -->
      </div> <!-- navigator-suite-header -->
      <div class="suite">
        <div class="rounded-window">
          <div class="suite-header light-rounded-window-top">
            <a href="#" panel-name="suite-test-suite" class="navigator-link">
              <span class="suite-name border-failed">test-suite</span>
            </a> <!-- navigator-link -->
          </div> <!-- suite-header light-rounded-window-top -->
          <div class="navigator-suite-content">
            <div class="suite-section-title">
              <span>Info</span>
            </div> <!-- suite-section-title -->
            <div class="suite-section-content">
              <ul>
                <li>
                  <a href="#" panel-name="test-xml-test-suite" class="navigator-link ">
                    <span>C:\Users\ucreate-65\eclipse-workspace\ConnectedTwo\Testng.xml</span>
                  </a> <!-- navigator-link  -->
                </li>
                <li>
                  <a href="#" panel-name="testlist-test-suite" class="navigator-link ">
                    <span class="test-stats">1 test</span>
                  </a> <!-- navigator-link  -->
                </li>
                <li>
                  <a href="#" panel-name="group-test-suite" class="navigator-link ">
                    <span>0 groups</span>
                  </a> <!-- navigator-link  -->
                </li>
                <li>
                  <a href="#" panel-name="times-test-suite" class="navigator-link ">
                    <span>Times</span>
                  </a> <!-- navigator-link  -->
                </li>
                <li>
                  <a href="#" panel-name="reporter-test-suite" class="navigator-link ">
                    <span>Reporter output</span>
                  </a> <!-- navigator-link  -->
                </li>
                <li>
                  <a href="#" panel-name="ignored-methods-test-suite" class="navigator-link ">
                    <span>Ignored methods</span>
                  </a> <!-- navigator-link  -->
                </li>
                <li>
                  <a href="#" panel-name="chronological-test-suite" class="navigator-link ">
                    <span>Chronological view</span>
                  </a> <!-- navigator-link  -->
                </li>
              </ul>
            </div> <!-- suite-section-content -->
            <div class="result-section">
              <div class="suite-section-title">
                <span>Results</span>
              </div> <!-- suite-section-title -->
              <div class="suite-section-content">
                <ul>
                  <li>
                    <span class="method-stats">50 methods, 18 failed,   32 passed</span>
                  </li>
                  <li>
                    <span class="method-list-title failed">Failed methods</span>
                    <span class="show-or-hide-methods failed">
                      <a href="#" panel-name="suite-test-suite" class="hide-methods failed suite-test-suite"> (hide)</a> <!-- hide-methods failed suite-test-suite -->
                      <a href="#" panel-name="suite-test-suite" class="show-methods failed suite-test-suite"> (show)</a> <!-- show-methods failed suite-test-suite -->
                    </span>
                    <div class="method-list-content failed suite-test-suite">
                      <span>
                        <img src="failed.png" width="3%"/>
                        <a href="#" panel-name="suite-test-suite" title="Maven.JobToScheduleFilter" class="method navigator-link" hash-for-method="Applications">Applications</a> <!-- method navigator-link -->
                      </span>
                      <br/>
                      <span>
                        <img src="failed.png" width="3%"/>
                        <a href="#" panel-name="suite-test-suite" title="Maven.Rateupdate" class="method navigator-link" hash-for-method="blank11LTDrate">blank11LTDrate</a> <!-- method navigator-link -->
                      </span>
                      <br/>
                      <span>
                        <img src="failed.png" width="3%"/>
                        <a href="#" panel-name="suite-test-suite" title="Maven.Rateupdate" class="method navigator-link" hash-for-method="blank1LTDrate">blank1LTDrate</a> <!-- method navigator-link -->
                      </span>
                      <br/>
                      <span>
                        <img src="failed.png" width="3%"/>
                        <a href="#" panel-name="suite-test-suite" title="Maven.Rateupdate" class="method navigator-link" hash-for-method="blankLTDrate">blankLTDrate</a> <!-- method navigator-link -->
                      </span>
                      <br/>
                      <span>
                        <img src="failed.png" width="3%"/>
                        <a href="#" panel-name="suite-test-suite" title="Maven.Driverinvite" class="method navigator-link" hash-for-method="drivervalidemail">drivervalidemail</a> <!-- method navigator-link -->
                      </span>
                      <br/>
                      <span>
                        <img src="failed.png" width="3%"/>
                        <a href="#" panel-name="suite-test-suite" title="Maven.Driverinvite" class="method navigator-link" hash-for-method="drivervalidiemail">drivervalidiemail</a> <!-- method navigator-link -->
                      </span>
                      <br/>
                      <span>
                        <img src="failed.png" width="3%"/>
                        <a href="#" panel-name="suite-test-suite" title="Maven.HCcreate" class="method navigator-link" hash-for-method="hcwithblankdetails">hcwithblankdetails</a> <!-- method navigator-link -->
                      </span>
                      <br/>
                      <span>
                        <img src="failed.png" width="3%"/>
                        <a href="#" panel-name="suite-test-suite" title="Maven.HCcreate" class="method navigator-link" hash-for-method="hcwithexistingemail">hcwithexistingemail</a> <!-- method navigator-link -->
                      </span>
                      <br/>
                      <span>
                        <img src="failed.png" width="3%"/>
                        <a href="#" panel-name="suite-test-suite" title="Maven.HCcreate" class="method navigator-link" hash-for-method="hcwithinvalidemail">hcwithinvalidemail</a> <!-- method navigator-link -->
                      </span>
                      <br/>
                      <span>
                        <img src="failed.png" width="3%"/>
                        <a href="#" panel-name="suite-test-suite" title="Maven.HCcreate" class="method navigator-link" hash-for-method="hcwithinvalidpostcode">hcwithinvalidpostcode</a> <!-- method navigator-link -->
                      </span>
                      <br/>
                      <span>
                        <img src="failed.png" width="3%"/>
                        <a href="#" panel-name="suite-test-suite" title="Maven.HCcreate" class="method navigator-link" hash-for-method="hcwithinvalidurl">hcwithinvalidurl</a> <!-- method navigator-link -->
                      </span>
                      <br/>
                      <span>
                        <img src="failed.png" width="3%"/>
                        <a href="#" panel-name="suite-test-suite" title="Maven.HCcreate" class="method navigator-link" hash-for-method="hcwithvaliddetails">hcwithvaliddetails</a> <!-- method navigator-link -->
                      </span>
                      <br/>
                      <span>
                        <img src="failed.png" width="3%"/>
                        <a href="#" panel-name="suite-test-suite" title="Maven.Createjob" class="method navigator-link" hash-for-method="main">main</a> <!-- method navigator-link -->
                      </span>
                      <br/>
                      <span>
                        <img src="failed.png" width="3%"/>
                        <a href="#" panel-name="suite-test-suite" title="Maven.Createjob" class="method navigator-link" hash-for-method="nextbuttondisable">nextbuttondisable</a> <!-- method navigator-link -->
                      </span>
                      <br/>
                      <span>
                        <img src="failed.png" width="3%"/>
                        <a href="#" panel-name="suite-test-suite" title="Maven.Createjob" class="method navigator-link" hash-for-method="nextbuttondisableandbackbuttonenable">nextbuttondisableandbackbuttonenable</a> <!-- method navigator-link -->
                      </span>
                      <br/>
                      <span>
                        <img src="failed.png" width="3%"/>
                        <a href="#" panel-name="suite-test-suite" title="Maven.Createjob" class="method navigator-link" hash-for-method="nextbuttondisableasndbackbuttonenable">nextbuttondisableasndbackbuttonenable</a> <!-- method navigator-link -->
                      </span>
                      <br/>
                      <span>
                        <img src="failed.png" width="3%"/>
                        <a href="#" panel-name="suite-test-suite" title="Maven.Createjob" class="method navigator-link" hash-for-method="nextbuttonenable">nextbuttonenable</a> <!-- method navigator-link -->
                      </span>
                      <br/>
                      <span>
                        <img src="failed.png" width="3%"/>
                        <a href="#" panel-name="suite-test-suite" title="Maven.Login" class="method navigator-link" hash-for-method="testwithvaliddetails">testwithvaliddetails</a> <!-- method navigator-link -->
                      </span>
                      <br/>
                    </div> <!-- method-list-content failed suite-test-suite -->
                  </li>
                  <li>
                    <span class="method-list-title passed">Passed methods</span>
                    <span class="show-or-hide-methods passed">
                      <a href="#" panel-name="suite-test-suite" class="hide-methods passed suite-test-suite"> (hide)</a> <!-- hide-methods passed suite-test-suite -->
                      <a href="#" panel-name="suite-test-suite" class="show-methods passed suite-test-suite"> (show)</a> <!-- show-methods passed suite-test-suite -->
                    </span>
                    <div class="method-list-content passed suite-test-suite">
                      <span>
                        <img src="passed.png" width="3%"/>
                        <a href="#" panel-name="suite-test-suite" title="Maven.Dashboard" class="method navigator-link" hash-for-method="Drivermanagementlink">Drivermanagementlink</a> <!-- method navigator-link -->
                      </span>
                      <br/>
                      <span>
                        <img src="passed.png" width="3%"/>
                        <a href="#" panel-name="suite-test-suite" title="Maven.Dashboard" class="method navigator-link" hash-for-method="Jobstoreview">Jobstoreview</a> <!-- method navigator-link -->
                      </span>
                      <br/>
                      <span>
                        <img src="passed.png" width="3%"/>
                        <a href="#" panel-name="suite-test-suite" title="Maven.Dashboard" class="method navigator-link" hash-for-method="NOtificationicon">NOtificationicon</a> <!-- method navigator-link -->
                      </span>
                      <br/>
                      <span>
                        <img src="passed.png" width="3%"/>
                        <a href="#" panel-name="suite-test-suite" title="Maven.Dashboard" class="method navigator-link" hash-for-method="NotYetAllocatedCount">NotYetAllocatedCount</a> <!-- method navigator-link -->
                      </span>
                      <br/>
                      <span>
                        <img src="passed.png" width="3%"/>
                        <a href="#" panel-name="suite-test-suite" title="Maven.Dashboard" class="method navigator-link" hash-for-method="OnTimeCount">OnTimeCount</a> <!-- method navigator-link -->
                      </span>
                      <br/>
                      <span>
                        <img src="passed.png" width="3%"/>
                        <a href="#" panel-name="suite-test-suite" title="Maven.Dashboard" class="method navigator-link" hash-for-method="Profilelinkname">Profilelinkname</a> <!-- method navigator-link -->
                      </span>
                      <br/>
                      <span>
                        <img src="passed.png" width="3%"/>
                        <a href="#" panel-name="suite-test-suite" title="Maven.Dashboard" class="method navigator-link" hash-for-method="Profilelinktext">Profilelinktext</a> <!-- method navigator-link -->
                      </span>
                      <br/>
                      <span>
                        <img src="passed.png" width="3%"/>
                        <a href="#" panel-name="suite-test-suite" title="Maven.Dashboard" class="method navigator-link" hash-for-method="RunningLateCount">RunningLateCount</a> <!-- method navigator-link -->
                      </span>
                      <br/>
                      <span>
                        <img src="passed.png" width="3%"/>
                        <a href="#" panel-name="suite-test-suite" title="Maven.Dashboard" class="method navigator-link" hash-for-method="Settingstext">Settingstext</a> <!-- method navigator-link -->
                      </span>
                      <br/>
                      <span>
                        <img src="passed.png" width="3%"/>
                        <a href="#" panel-name="suite-test-suite" title="Maven.JobToScheduleFilter" class="method navigator-link" hash-for-method="Unallocatedjobs">Unallocatedjobs</a> <!-- method navigator-link -->
                      </span>
                      <br/>
                      <span>
                        <img src="passed.png" width="3%"/>
                        <a href="#" panel-name="suite-test-suite" title="Maven.JobToScheduleFilter" class="method navigator-link" hash-for-method="WaitingToStart">WaitingToStart</a> <!-- method navigator-link -->
                      </span>
                      <br/>
                      <span>
                        <img src="passed.png" width="3%"/>
                        <a href="#" panel-name="suite-test-suite" title="Maven.Dashboard" class="method navigator-link" hash-for-method="WaitingToStartCount">WaitingToStartCount</a> <!-- method navigator-link -->
                      </span>
                      <br/>
                      <span>
                        <img src="passed.png" width="3%"/>
                        <a href="#" panel-name="suite-test-suite" title="Maven.Driverinvite" class="method navigator-link" hash-for-method="createjobwithvaliddetails">createjobwithvaliddetails</a> <!-- method navigator-link -->
                      </span>
                      <br/>
                      <span>
                        <img src="passed.png" width="3%"/>
                        <a href="#" panel-name="suite-test-suite" title="Maven.Driverinvite" class="method navigator-link" hash-for-method="drivervalidemail1">drivervalidemail1</a> <!-- method navigator-link -->
                      </span>
                      <br/>
                      <span>
                        <img src="passed.png" width="3%"/>
                        <a href="#" panel-name="suite-test-suite" title="Maven.Driverinvite" class="method navigator-link" hash-for-method="drivervalidemail3">drivervalidemail3</a> <!-- method navigator-link -->
                      </span>
                      <br/>
                      <span>
                        <img src="passed.png" width="3%"/>
                        <a href="#" panel-name="suite-test-suite" title="Maven.JobToScheduleFilter" class="method navigator-link" hash-for-method="expiredfilter">expiredfilter</a> <!-- method navigator-link -->
                      </span>
                      <br/>
                      <span>
                        <img src="passed.png" width="3%"/>
                        <a href="#" panel-name="suite-test-suite" title="Maven.Dashboard" class="method navigator-link" hash-for-method="jobaschedulelink">jobaschedulelink</a> <!-- method navigator-link -->
                      </span>
                      <br/>
                      <span>
                        <img src="passed.png" width="3%"/>
                        <a href="#" panel-name="suite-test-suite" title="Maven.Dashboard" class="method navigator-link" hash-for-method="jobstoreviewlink">jobstoreviewlink</a> <!-- method navigator-link -->
                      </span>
                      <br/>
                      <span>
                        <img src="passed.png" width="3%"/>
                        <a href="#" panel-name="suite-test-suite" title="Maven.Dashboard" class="method navigator-link" hash-for-method="profilelinkicon">profilelinkicon</a> <!-- method navigator-link -->
                      </span>
                      <br/>
                      <span>
                        <img src="passed.png" width="3%"/>
                        <a href="#" panel-name="suite-test-suite" title="Maven.Forgotpassword" class="method navigator-link" hash-for-method="testredirectforgot">testredirectforgot</a> <!-- method navigator-link -->
                      </span>
                      <br/>
                      <span>
                        <img src="passed.png" width="3%"/>
                        <a href="#" panel-name="suite-test-suite" title="Maven.Forgotpassword" class="method navigator-link" hash-for-method="testwithblankemail">testwithblankemail</a> <!-- method navigator-link -->
                      </span>
                      <br/>
                      <span>
                        <img src="passed.png" width="3%"/>
                        <a href="#" panel-name="suite-test-suite" title="Maven.Forgotpassword" class="method navigator-link" hash-for-method="testwithblankpassword">testwithblankpassword</a> <!-- method navigator-link -->
                      </span>
                      <br/>
                      <span>
                        <img src="passed.png" width="3%"/>
                        <a href="#" panel-name="suite-test-suite" title="Maven.Forgotpassword" class="method navigator-link" hash-for-method="testwithdifferentpassword">testwithdifferentpassword</a> <!-- method navigator-link -->
                      </span>
                      <br/>
                      <span>
                        <img src="passed.png" width="3%"/>
                        <a href="#" panel-name="suite-test-suite" title="Maven.Login" class="method navigator-link" hash-for-method="testwithinvaliddetails">testwithinvaliddetails</a> <!-- method navigator-link -->
                      </span>
                      <br/>
                      <span>
                        <img src="passed.png" width="3%"/>
                        <a href="#" panel-name="suite-test-suite" title="Maven.Login" class="method navigator-link" hash-for-method="testwithinvalidemail">testwithinvalidemail</a> <!-- method navigator-link -->
                      </span>
                      <br/>
                      <span>
                        <img src="passed.png" width="3%"/>
                        <a href="#" panel-name="suite-test-suite" title="Maven.Forgotpassword" class="method navigator-link" hash-for-method="testwithinvalidemail">testwithinvalidemail</a> <!-- method navigator-link -->
                      </span>
                      <br/>
                      <span>
                        <img src="passed.png" width="3%"/>
                        <a href="#" panel-name="suite-test-suite" title="Maven.Login" class="method navigator-link" hash-for-method="testwithinvalidpassword">testwithinvalidpassword</a> <!-- method navigator-link -->
                      </span>
                      <br/>
                      <span>
                        <img src="passed.png" width="3%"/>
                        <a href="#" panel-name="suite-test-suite" title="Maven.Forgotpassword" class="method navigator-link" hash-for-method="testwithunmatchedformatpassword">testwithunmatchedformatpassword</a> <!-- method navigator-link -->
                      </span>
                      <br/>
                      <span>
                        <img src="passed.png" width="3%"/>
                        <a href="#" panel-name="suite-test-suite" title="Maven.Login" class="method navigator-link" hash-for-method="testwithvalidemail">testwithvalidemail</a> <!-- method navigator-link -->
                      </span>
                      <br/>
                      <span>
                        <img src="passed.png" width="3%"/>
                        <a href="#" panel-name="suite-test-suite" title="Maven.Forgotpassword" class="method navigator-link" hash-for-method="testwithvalidemail">testwithvalidemail</a> <!-- method navigator-link -->
                      </span>
                      <br/>
                      <span>
                        <img src="passed.png" width="3%"/>
                        <a href="#" panel-name="suite-test-suite" title="Maven.Forgotpassword" class="method navigator-link" hash-for-method="testwithvalidpassword">testwithvalidpassword</a> <!-- method navigator-link -->
                      </span>
                      <br/>
                      <span>
                        <img src="passed.png" width="3%"/>
                        <a href="#" panel-name="suite-test-suite" title="Maven.Login" class="method navigator-link" hash-for-method="testwithvalidpassword">testwithvalidpassword</a> <!-- method navigator-link -->
                      </span>
                      <br/>
                    </div> <!-- method-list-content passed suite-test-suite -->
                  </li>
                </ul>
              </div> <!-- suite-section-content -->
            </div> <!-- result-section -->
          </div> <!-- navigator-suite-content -->
        </div> <!-- rounded-window -->
      </div> <!-- suite -->
    </div> <!-- navigator-root -->
    <div class="wrapper">
      <div class="main-panel-root">
        <div panel-name="suite-test-suite" class="panel test-suite">
          <div class="suite-test-suite-class-failed">
            <div class="main-panel-header rounded-window-top">
              <img src="failed.png"/>
              <span class="class-name">Maven.JobToScheduleFilter</span>
            </div> <!-- main-panel-header rounded-window-top -->
            <div class="main-panel-content rounded-window-bottom">
              <div class="method">
                <div class="method-content">
                  <a name="Applications">
                  </a> <!-- Applications -->
                  <span class="method-name">Applications</span>
                  <div class="stack-trace">java.lang.AssertionError: filter value  e not matched expected [Waiting To Start] but found [Applications]
	at Maven.JobToScheduleFilter.Applications(JobToScheduleFilter.java:392)
	at java.base/java.util.concurrent.FutureTask.run(FutureTask.java:264)
	at java.base/java.util.concurrent.ThreadPoolExecutor.runWorker(ThreadPoolExecutor.java:1128)
	at java.base/java.util.concurrent.ThreadPoolExecutor$Worker.run(ThreadPoolExecutor.java:628)
	at java.base/java.lang.Thread.run(Thread.java:835)
... Removed 21 stack frames
</div> <!-- stack-trace -->
                  <em>
(Verify Applications filter working or not)                  </em>
                </div> <!-- method-content -->
              </div> <!-- method -->
            </div> <!-- main-panel-content rounded-window-bottom -->
          </div> <!-- suite-test-suite-class-failed -->
          <div class="suite-test-suite-class-failed">
            <div class="main-panel-header rounded-window-top">
              <img src="failed.png"/>
              <span class="class-name">Maven.Driverinvite</span>
            </div> <!-- main-panel-header rounded-window-top -->
            <div class="main-panel-content rounded-window-bottom">
              <div class="method">
                <div class="method-content">
                  <a name="drivervalidemail">
                  </a> <!-- drivervalidemail -->
                  <span class="method-name">drivervalidemail</span>
                  <div class="stack-trace">org.openqa.selenium.TimeoutException: Expected condition failed: waiting for visibility of element located by By.xpath: //span[contains(text(),&apos;Invitation&apos;)] (tried for 20 second(s) with 500 milliseconds interval)
	at org.openqa.selenium.support.ui.WebDriverWait.timeoutException(WebDriverWait.java:95)
	at org.openqa.selenium.support.ui.FluentWait.until(FluentWait.java:272)
	at Maven.Driverinvite.drivervalidemail(Driverinvite.java:69)
	at java.base/java.util.concurrent.FutureTask.run(FutureTask.java:264)
	at java.base/java.util.concurrent.ThreadPoolExecutor.runWorker(ThreadPoolExecutor.java:1128)
	at java.base/java.util.concurrent.ThreadPoolExecutor$Worker.run(ThreadPoolExecutor.java:628)
	at java.base/java.lang.Thread.run(Thread.java:835)
Caused by: org.openqa.selenium.NoSuchElementException: no such element: Unable to locate element: {&quot;method&quot;:&quot;xpath&quot;,&quot;selector&quot;:&quot;//span[contains(text(),&apos;Invitation&apos;)]&quot;}
  (Session info: chrome=74.0.3729.169)
  (Driver info: chromedriver=74.0.3729.6 (255758eccf3d244491b8a1317aa76e1ce10d57e9-refs/branch-heads/3729@{#29}),platform=Windows NT 6.1.7601 SP1 x86_64) (WARNING: The server did not provide any stacktrace information)
Command duration or timeout: 0 milliseconds
For documentation on this error, please visit: https://www.seleniumhq.org/exceptions/no_such_element.html
Build info: version: &apos;3.141.59&apos;, revision: &apos;e82be7d358&apos;, time: &apos;2018-11-14T08:17:03&apos;
System info: host: &apos;UCREATE-65-PC&apos;, ip: &apos;192.168.0.36&apos;, os.name: &apos;Windows 7&apos;, os.arch: &apos;amd64&apos;, os.version: &apos;6.1&apos;, java.version: &apos;12&apos;
Driver info: org.openqa.selenium.chrome.ChromeDriver
Capabilities {acceptInsecureCerts: false, acceptSslCerts: false, applicationCacheEnabled: false, browserConnectionEnabled: false, browserName: chrome, chrome: {chromedriverVersion: 74.0.3729.6 (255758eccf3d24..., userDataDir: C:\Users\UCREAT~1\AppData\L...}, cssSelectorsEnabled: true, databaseEnabled: false, goog:chromeOptions: {debuggerAddress: localhost:55887}, handlesAlerts: true, hasTouchScreen: false, javascriptEnabled: true, locationContextEnabled: true, mobileEmulationEnabled: false, nativeEvents: true, networkConnectionEnabled: false, pageLoadStrategy: normal, platform: XP, platformName: XP, proxy: Proxy(), rotatable: false, setWindowRect: true, strictFileInteractability: false, takesHeapSnapshot: true, takesScreenshot: true, timeouts: {implicit: 0, pageLoad: 300000, script: 30000}, unexpectedAlertBehaviour: ignore, unhandledPromptBehavior: ignore, version: 74.0.3729.169, webStorageEnabled: true}
Session ID: ce90456bee6b9d108e23399c0c98e51f
*** Element info: {Using=xpath, value=//span[contains(text(),&apos;Invitation&apos;)]}
	at org.openqa.selenium.remote.ErrorHandler.createThrowable(ErrorHandler.java:214)
	at org.openqa.selenium.remote.ErrorHandler.throwIfResponseFailed(ErrorHandler.java:166)
	at org.openqa.selenium.remote.http.JsonHttpResponseCodec.reconstructValue(JsonHttpResponseCodec.java:40)
	at org.openqa.selenium.remote.http.AbstractHttpResponseCodec.decode(AbstractHttpResponseCodec.java:80)
	at org.openqa.selenium.remote.http.AbstractHttpResponseCodec.decode(AbstractHttpResponseCodec.java:44)
	at org.openqa.selenium.remote.HttpCommandExecutor.execute(HttpCommandExecutor.java:158)
	at org.openqa.selenium.remote.service.DriverCommandExecutor.execute(DriverCommandExecutor.java:83)
	at org.openqa.selenium.remote.RemoteWebDriver.execute(RemoteWebDriver.java:552)
	at org.openqa.selenium.remote.RemoteWebDriver.findElement(RemoteWebDriver.java:323)
	at org.openqa.selenium.remote.RemoteWebDriver.findElementByXPath(RemoteWebDriver.java:428)
	at org.openqa.selenium.By$ByXPath.findElement(By.java:353)
	at org.openqa.selenium.remote.RemoteWebDriver.findElement(RemoteWebDriver.java:315)
	at org.openqa.selenium.support.ui.ExpectedConditions$7.apply(ExpectedConditions.java:205)
	at org.openqa.selenium.support.ui.ExpectedConditions$7.apply(ExpectedConditions.java:201)
	at org.openqa.selenium.support.ui.FluentWait.until(FluentWait.java:249)
	... 21 more
... Removed 20 stack frames
</div> <!-- stack-trace -->
                  <em>
(Verify  hc able to invite the user)                  </em>
                </div> <!-- method-content -->
              </div> <!-- method -->
              <div class="method">
                <div class="method-content">
                  <a name="drivervalidiemail">
                  </a> <!-- drivervalidiemail -->
                  <span class="method-name">drivervalidiemail</span>
                  <div class="stack-trace">org.openqa.selenium.ElementClickInterceptedException: element click intercepted: Element &lt;li class=&quot;active&quot;&gt;...&lt;/li&gt; is not clickable at point (1335, 733). Other element would receive the click: &lt;iframe src=&quot;https://app.hubspot.com/conversations-visitor/4584478/threads/utk/a754398c6a984bc999bd5a307b538599?uuid=ec0e8a1fd08048ed9b2b5750b4e7533c&amp;amp;mobile=false&amp;amp;mobileSafari=false&amp;amp;open=false&amp;amp;hideWelcomeMessage=false&amp;amp;domain=uat.connected2.io&amp;amp;inApp53=false&amp;amp;messagesUtk=a754398c6a984bc999bd5a307b538599&amp;amp;url=https%3A%2F%2Fuat.connected2.io%2Fhc%2Fdrivermanagement&amp;amp;inline=false&amp;amp;hubspotUtk=16cbe27ba04bff052d0504473248c7a8&quot;&gt;&lt;/iframe&gt;
  (Session info: chrome=74.0.3729.169)
  (Driver info: chromedriver=74.0.3729.6 (255758eccf3d244491b8a1317aa76e1ce10d57e9-refs/branch-heads/3729@{#29}),platform=Windows NT 6.1.7601 SP1 x86_64) (WARNING: The server did not provide any stacktrace information)
Command duration or timeout: 0 milliseconds
Build info: version: &apos;3.141.59&apos;, revision: &apos;e82be7d358&apos;, time: &apos;2018-11-14T08:17:03&apos;
System info: host: &apos;UCREATE-65-PC&apos;, ip: &apos;192.168.0.36&apos;, os.name: &apos;Windows 7&apos;, os.arch: &apos;amd64&apos;, os.version: &apos;6.1&apos;, java.version: &apos;12&apos;
Driver info: org.openqa.selenium.chrome.ChromeDriver
Capabilities {acceptInsecureCerts: false, acceptSslCerts: false, applicationCacheEnabled: false, browserConnectionEnabled: false, browserName: chrome, chrome: {chromedriverVersion: 74.0.3729.6 (255758eccf3d24..., userDataDir: C:\Users\UCREAT~1\AppData\L...}, cssSelectorsEnabled: true, databaseEnabled: false, goog:chromeOptions: {debuggerAddress: localhost:55887}, handlesAlerts: true, hasTouchScreen: false, javascriptEnabled: true, locationContextEnabled: true, mobileEmulationEnabled: false, nativeEvents: true, networkConnectionEnabled: false, pageLoadStrategy: normal, platform: XP, platformName: XP, proxy: Proxy(), rotatable: false, setWindowRect: true, strictFileInteractability: false, takesHeapSnapshot: true, takesScreenshot: true, timeouts: {implicit: 0, pageLoad: 300000, script: 30000}, unexpectedAlertBehaviour: ignore, unhandledPromptBehavior: ignore, version: 74.0.3729.169, webStorageEnabled: true}
Session ID: ce90456bee6b9d108e23399c0c98e51f
	at org.openqa.selenium.remote.ErrorHandler.createThrowable(ErrorHandler.java:214)
	at org.openqa.selenium.remote.ErrorHandler.throwIfResponseFailed(ErrorHandler.java:166)
	at org.openqa.selenium.remote.http.JsonHttpResponseCodec.reconstructValue(JsonHttpResponseCodec.java:40)
	at org.openqa.selenium.remote.http.AbstractHttpResponseCodec.decode(AbstractHttpResponseCodec.java:80)
	at org.openqa.selenium.remote.http.AbstractHttpResponseCodec.decode(AbstractHttpResponseCodec.java:44)
	at org.openqa.selenium.remote.HttpCommandExecutor.execute(HttpCommandExecutor.java:158)
	at org.openqa.selenium.remote.service.DriverCommandExecutor.execute(DriverCommandExecutor.java:83)
	at org.openqa.selenium.remote.RemoteWebDriver.execute(RemoteWebDriver.java:552)
	at org.openqa.selenium.remote.RemoteWebElement.execute(RemoteWebElement.java:285)
	at org.openqa.selenium.remote.RemoteWebElement.click(RemoteWebElement.java:84)
	at Maven.Driverinvite.drivervalidiemail(Driverinvite.java:120)
	at java.base/java.util.concurrent.FutureTask.run(FutureTask.java:264)
	at java.base/java.util.concurrent.ThreadPoolExecutor.runWorker(ThreadPoolExecutor.java:1128)
	at java.base/java.util.concurrent.ThreadPoolExecutor$Worker.run(ThreadPoolExecutor.java:628)
	at java.base/java.lang.Thread.run(Thread.java:835)
... Removed 20 stack frames
</div> <!-- stack-trace -->
                  <em>
(Verify HC able to cancel the already invited driver)                  </em>
                </div> <!-- method-content -->
              </div> <!-- method -->
            </div> <!-- main-panel-content rounded-window-bottom -->
          </div> <!-- suite-test-suite-class-failed -->
          <div class="suite-test-suite-class-failed">
            <div class="main-panel-header rounded-window-top">
              <img src="failed.png"/>
              <span class="class-name">Maven.HCcreate</span>
            </div> <!-- main-panel-header rounded-window-top -->
            <div class="main-panel-content rounded-window-bottom">
              <div class="method">
                <div class="method-content">
                  <a name="hcwithblankdetails">
                  </a> <!-- hcwithblankdetails -->
                  <span class="method-name">hcwithblankdetails</span>
                  <div class="stack-trace">org.openqa.selenium.NoSuchElementException: no such element: Unable to locate element: {&quot;method&quot;:&quot;css selector&quot;,&quot;selector&quot;:&quot;button.green-primary-btn-small&quot;}
  (Session info: chrome=74.0.3729.169)
  (Driver info: chromedriver=74.0.3729.6 (255758eccf3d244491b8a1317aa76e1ce10d57e9-refs/branch-heads/3729@{#29}),platform=Windows NT 6.1.7601 SP1 x86_64) (WARNING: The server did not provide any stacktrace information)
Command duration or timeout: 0 milliseconds
For documentation on this error, please visit: https://www.seleniumhq.org/exceptions/no_such_element.html
Build info: version: &apos;3.141.59&apos;, revision: &apos;e82be7d358&apos;, time: &apos;2018-11-14T08:17:03&apos;
System info: host: &apos;UCREATE-65-PC&apos;, ip: &apos;192.168.0.36&apos;, os.name: &apos;Windows 7&apos;, os.arch: &apos;amd64&apos;, os.version: &apos;6.1&apos;, java.version: &apos;12&apos;
Driver info: org.openqa.selenium.chrome.ChromeDriver
Capabilities {acceptInsecureCerts: false, acceptSslCerts: false, applicationCacheEnabled: false, browserConnectionEnabled: false, browserName: chrome, chrome: {chromedriverVersion: 74.0.3729.6 (255758eccf3d24..., userDataDir: C:\Users\UCREAT~1\AppData\L...}, cssSelectorsEnabled: true, databaseEnabled: false, goog:chromeOptions: {debuggerAddress: localhost:55947}, handlesAlerts: true, hasTouchScreen: false, javascriptEnabled: true, locationContextEnabled: true, mobileEmulationEnabled: false, nativeEvents: true, networkConnectionEnabled: false, pageLoadStrategy: normal, platform: XP, platformName: XP, proxy: Proxy(), rotatable: false, setWindowRect: true, strictFileInteractability: false, takesHeapSnapshot: true, takesScreenshot: true, timeouts: {implicit: 0, pageLoad: 300000, script: 30000}, unexpectedAlertBehaviour: ignore, unhandledPromptBehavior: ignore, version: 74.0.3729.169, webStorageEnabled: true}
Session ID: c9bbac6b7a11697533bc2c3f3ec9fb43
*** Element info: {Using=css selector, value=button.green-primary-btn-small}
	at org.openqa.selenium.remote.ErrorHandler.createThrowable(ErrorHandler.java:214)
	at org.openqa.selenium.remote.ErrorHandler.throwIfResponseFailed(ErrorHandler.java:166)
	at org.openqa.selenium.remote.http.JsonHttpResponseCodec.reconstructValue(JsonHttpResponseCodec.java:40)
	at org.openqa.selenium.remote.http.AbstractHttpResponseCodec.decode(AbstractHttpResponseCodec.java:80)
	at org.openqa.selenium.remote.http.AbstractHttpResponseCodec.decode(AbstractHttpResponseCodec.java:44)
	at org.openqa.selenium.remote.HttpCommandExecutor.execute(HttpCommandExecutor.java:158)
	at org.openqa.selenium.remote.service.DriverCommandExecutor.execute(DriverCommandExecutor.java:83)
	at org.openqa.selenium.remote.RemoteWebDriver.execute(RemoteWebDriver.java:552)
	at org.openqa.selenium.remote.RemoteWebDriver.findElement(RemoteWebDriver.java:323)
	at org.openqa.selenium.remote.RemoteWebDriver.findElementByCssSelector(RemoteWebDriver.java:420)
	at org.openqa.selenium.By$ByCssSelector.findElement(By.java:431)
	at org.openqa.selenium.remote.RemoteWebDriver.findElement(RemoteWebDriver.java:315)
	at Maven.HCcreate.hcwithblankdetails(HCcreate.java:74)
	at java.base/java.util.concurrent.FutureTask.run(FutureTask.java:264)
	at java.base/java.util.concurrent.ThreadPoolExecutor.runWorker(ThreadPoolExecutor.java:1128)
	at java.base/java.util.concurrent.ThreadPoolExecutor$Worker.run(ThreadPoolExecutor.java:628)
	at java.base/java.lang.Thread.run(Thread.java:835)
... Removed 21 stack frames
</div> <!-- stack-trace -->
                  <em>
(When try ot register with blank details)                  </em>
                </div> <!-- method-content -->
              </div> <!-- method -->
              <div class="method">
                <div class="method-content">
                  <a name="hcwithexistingemail">
                  </a> <!-- hcwithexistingemail -->
                  <span class="method-name">hcwithexistingemail</span>
                  <div class="stack-trace">org.openqa.selenium.NoSuchElementException: no such element: Unable to locate element: {&quot;method&quot;:&quot;css selector&quot;,&quot;selector&quot;:&quot;input#companyName&quot;}
  (Session info: chrome=74.0.3729.169)
  (Driver info: chromedriver=74.0.3729.6 (255758eccf3d244491b8a1317aa76e1ce10d57e9-refs/branch-heads/3729@{#29}),platform=Windows NT 6.1.7601 SP1 x86_64) (WARNING: The server did not provide any stacktrace information)
Command duration or timeout: 0 milliseconds
For documentation on this error, please visit: https://www.seleniumhq.org/exceptions/no_such_element.html
Build info: version: &apos;3.141.59&apos;, revision: &apos;e82be7d358&apos;, time: &apos;2018-11-14T08:17:03&apos;
System info: host: &apos;UCREATE-65-PC&apos;, ip: &apos;192.168.0.36&apos;, os.name: &apos;Windows 7&apos;, os.arch: &apos;amd64&apos;, os.version: &apos;6.1&apos;, java.version: &apos;12&apos;
Driver info: org.openqa.selenium.chrome.ChromeDriver
Capabilities {acceptInsecureCerts: false, acceptSslCerts: false, applicationCacheEnabled: false, browserConnectionEnabled: false, browserName: chrome, chrome: {chromedriverVersion: 74.0.3729.6 (255758eccf3d24..., userDataDir: C:\Users\UCREAT~1\AppData\L...}, cssSelectorsEnabled: true, databaseEnabled: false, goog:chromeOptions: {debuggerAddress: localhost:55947}, handlesAlerts: true, hasTouchScreen: false, javascriptEnabled: true, locationContextEnabled: true, mobileEmulationEnabled: false, nativeEvents: true, networkConnectionEnabled: false, pageLoadStrategy: normal, platform: XP, platformName: XP, proxy: Proxy(), rotatable: false, setWindowRect: true, strictFileInteractability: false, takesHeapSnapshot: true, takesScreenshot: true, timeouts: {implicit: 0, pageLoad: 300000, script: 30000}, unexpectedAlertBehaviour: ignore, unhandledPromptBehavior: ignore, version: 74.0.3729.169, webStorageEnabled: true}
Session ID: c9bbac6b7a11697533bc2c3f3ec9fb43
*** Element info: {Using=css selector, value=input#companyName}
	at org.openqa.selenium.remote.ErrorHandler.createThrowable(ErrorHandler.java:214)
	at org.openqa.selenium.remote.ErrorHandler.throwIfResponseFailed(ErrorHandler.java:166)
	at org.openqa.selenium.remote.http.JsonHttpResponseCodec.reconstructValue(JsonHttpResponseCodec.java:40)
	at org.openqa.selenium.remote.http.AbstractHttpResponseCodec.decode(AbstractHttpResponseCodec.java:80)
	at org.openqa.selenium.remote.http.AbstractHttpResponseCodec.decode(AbstractHttpResponseCodec.java:44)
	at org.openqa.selenium.remote.HttpCommandExecutor.execute(HttpCommandExecutor.java:158)
	at org.openqa.selenium.remote.service.DriverCommandExecutor.execute(DriverCommandExecutor.java:83)
	at org.openqa.selenium.remote.RemoteWebDriver.execute(RemoteWebDriver.java:552)
	at org.openqa.selenium.remote.RemoteWebDriver.findElement(RemoteWebDriver.java:323)
	at org.openqa.selenium.remote.RemoteWebDriver.findElementByCssSelector(RemoteWebDriver.java:420)
	at org.openqa.selenium.By$ByCssSelector.findElement(By.java:431)
	at org.openqa.selenium.remote.RemoteWebDriver.findElement(RemoteWebDriver.java:315)
	at Maven.HCcreate.hcwithexistingemail(HCcreate.java:171)
	at java.base/java.util.concurrent.FutureTask.run(FutureTask.java:264)
	at java.base/java.util.concurrent.ThreadPoolExecutor.runWorker(ThreadPoolExecutor.java:1128)
	at java.base/java.util.concurrent.ThreadPoolExecutor$Worker.run(ThreadPoolExecutor.java:628)
	at java.base/java.lang.Thread.run(Thread.java:835)
... Removed 20 stack frames
</div> <!-- stack-trace -->
                  <em>
(When Admin try to create hc with already created email)                  </em>
                </div> <!-- method-content -->
              </div> <!-- method -->
              <div class="method">
                <div class="method-content">
                  <a name="hcwithinvalidemail">
                  </a> <!-- hcwithinvalidemail -->
                  <span class="method-name">hcwithinvalidemail</span>
                  <div class="stack-trace">org.openqa.selenium.NoSuchElementException: no such element: Unable to locate element: {&quot;method&quot;:&quot;css selector&quot;,&quot;selector&quot;:&quot;input#companyName&quot;}
  (Session info: chrome=74.0.3729.169)
  (Driver info: chromedriver=74.0.3729.6 (255758eccf3d244491b8a1317aa76e1ce10d57e9-refs/branch-heads/3729@{#29}),platform=Windows NT 6.1.7601 SP1 x86_64) (WARNING: The server did not provide any stacktrace information)
Command duration or timeout: 0 milliseconds
For documentation on this error, please visit: https://www.seleniumhq.org/exceptions/no_such_element.html
Build info: version: &apos;3.141.59&apos;, revision: &apos;e82be7d358&apos;, time: &apos;2018-11-14T08:17:03&apos;
System info: host: &apos;UCREATE-65-PC&apos;, ip: &apos;192.168.0.36&apos;, os.name: &apos;Windows 7&apos;, os.arch: &apos;amd64&apos;, os.version: &apos;6.1&apos;, java.version: &apos;12&apos;
Driver info: org.openqa.selenium.chrome.ChromeDriver
Capabilities {acceptInsecureCerts: false, acceptSslCerts: false, applicationCacheEnabled: false, browserConnectionEnabled: false, browserName: chrome, chrome: {chromedriverVersion: 74.0.3729.6 (255758eccf3d24..., userDataDir: C:\Users\UCREAT~1\AppData\L...}, cssSelectorsEnabled: true, databaseEnabled: false, goog:chromeOptions: {debuggerAddress: localhost:55947}, handlesAlerts: true, hasTouchScreen: false, javascriptEnabled: true, locationContextEnabled: true, mobileEmulationEnabled: false, nativeEvents: true, networkConnectionEnabled: false, pageLoadStrategy: normal, platform: XP, platformName: XP, proxy: Proxy(), rotatable: false, setWindowRect: true, strictFileInteractability: false, takesHeapSnapshot: true, takesScreenshot: true, timeouts: {implicit: 0, pageLoad: 300000, script: 30000}, unexpectedAlertBehaviour: ignore, unhandledPromptBehavior: ignore, version: 74.0.3729.169, webStorageEnabled: true}
Session ID: c9bbac6b7a11697533bc2c3f3ec9fb43
*** Element info: {Using=css selector, value=input#companyName}
	at org.openqa.selenium.remote.ErrorHandler.createThrowable(ErrorHandler.java:214)
	at org.openqa.selenium.remote.ErrorHandler.throwIfResponseFailed(ErrorHandler.java:166)
	at org.openqa.selenium.remote.http.JsonHttpResponseCodec.reconstructValue(JsonHttpResponseCodec.java:40)
	at org.openqa.selenium.remote.http.AbstractHttpResponseCodec.decode(AbstractHttpResponseCodec.java:80)
	at org.openqa.selenium.remote.http.AbstractHttpResponseCodec.decode(AbstractHttpResponseCodec.java:44)
	at org.openqa.selenium.remote.HttpCommandExecutor.execute(HttpCommandExecutor.java:158)
	at org.openqa.selenium.remote.service.DriverCommandExecutor.execute(DriverCommandExecutor.java:83)
	at org.openqa.selenium.remote.RemoteWebDriver.execute(RemoteWebDriver.java:552)
	at org.openqa.selenium.remote.RemoteWebDriver.findElement(RemoteWebDriver.java:323)
	at org.openqa.selenium.remote.RemoteWebDriver.findElementByCssSelector(RemoteWebDriver.java:420)
	at org.openqa.selenium.By$ByCssSelector.findElement(By.java:431)
	at org.openqa.selenium.remote.RemoteWebDriver.findElement(RemoteWebDriver.java:315)
	at Maven.HCcreate.hcwithinvalidemail(HCcreate.java:133)
	at java.base/java.util.concurrent.FutureTask.run(FutureTask.java:264)
	at java.base/java.util.concurrent.ThreadPoolExecutor.runWorker(ThreadPoolExecutor.java:1128)
	at java.base/java.util.concurrent.ThreadPoolExecutor$Worker.run(ThreadPoolExecutor.java:628)
	at java.base/java.lang.Thread.run(Thread.java:835)
... Removed 21 stack frames
</div> <!-- stack-trace -->
                  <em>
(When HC enter invalid email)                  </em>
                </div> <!-- method-content -->
              </div> <!-- method -->
              <div class="method">
                <div class="method-content">
                  <a name="hcwithinvalidpostcode">
                  </a> <!-- hcwithinvalidpostcode -->
                  <span class="method-name">hcwithinvalidpostcode</span>
                  <div class="stack-trace">org.openqa.selenium.NoSuchElementException: no such element: Unable to locate element: {&quot;method&quot;:&quot;css selector&quot;,&quot;selector&quot;:&quot;input#companyName&quot;}
  (Session info: chrome=74.0.3729.169)
  (Driver info: chromedriver=74.0.3729.6 (255758eccf3d244491b8a1317aa76e1ce10d57e9-refs/branch-heads/3729@{#29}),platform=Windows NT 6.1.7601 SP1 x86_64) (WARNING: The server did not provide any stacktrace information)
Command duration or timeout: 0 milliseconds
For documentation on this error, please visit: https://www.seleniumhq.org/exceptions/no_such_element.html
Build info: version: &apos;3.141.59&apos;, revision: &apos;e82be7d358&apos;, time: &apos;2018-11-14T08:17:03&apos;
System info: host: &apos;UCREATE-65-PC&apos;, ip: &apos;192.168.0.36&apos;, os.name: &apos;Windows 7&apos;, os.arch: &apos;amd64&apos;, os.version: &apos;6.1&apos;, java.version: &apos;12&apos;
Driver info: org.openqa.selenium.chrome.ChromeDriver
Capabilities {acceptInsecureCerts: false, acceptSslCerts: false, applicationCacheEnabled: false, browserConnectionEnabled: false, browserName: chrome, chrome: {chromedriverVersion: 74.0.3729.6 (255758eccf3d24..., userDataDir: C:\Users\UCREAT~1\AppData\L...}, cssSelectorsEnabled: true, databaseEnabled: false, goog:chromeOptions: {debuggerAddress: localhost:55947}, handlesAlerts: true, hasTouchScreen: false, javascriptEnabled: true, locationContextEnabled: true, mobileEmulationEnabled: false, nativeEvents: true, networkConnectionEnabled: false, pageLoadStrategy: normal, platform: XP, platformName: XP, proxy: Proxy(), rotatable: false, setWindowRect: true, strictFileInteractability: false, takesHeapSnapshot: true, takesScreenshot: true, timeouts: {implicit: 0, pageLoad: 300000, script: 30000}, unexpectedAlertBehaviour: ignore, unhandledPromptBehavior: ignore, version: 74.0.3729.169, webStorageEnabled: true}
Session ID: c9bbac6b7a11697533bc2c3f3ec9fb43
*** Element info: {Using=css selector, value=input#companyName}
	at org.openqa.selenium.remote.ErrorHandler.createThrowable(ErrorHandler.java:214)
	at org.openqa.selenium.remote.ErrorHandler.throwIfResponseFailed(ErrorHandler.java:166)
	at org.openqa.selenium.remote.http.JsonHttpResponseCodec.reconstructValue(JsonHttpResponseCodec.java:40)
	at org.openqa.selenium.remote.http.AbstractHttpResponseCodec.decode(AbstractHttpResponseCodec.java:80)
	at org.openqa.selenium.remote.http.AbstractHttpResponseCodec.decode(AbstractHttpResponseCodec.java:44)
	at org.openqa.selenium.remote.HttpCommandExecutor.execute(HttpCommandExecutor.java:158)
	at org.openqa.selenium.remote.service.DriverCommandExecutor.execute(DriverCommandExecutor.java:83)
	at org.openqa.selenium.remote.RemoteWebDriver.execute(RemoteWebDriver.java:552)
	at org.openqa.selenium.remote.RemoteWebDriver.findElement(RemoteWebDriver.java:323)
	at org.openqa.selenium.remote.RemoteWebDriver.findElementByCssSelector(RemoteWebDriver.java:420)
	at org.openqa.selenium.By$ByCssSelector.findElement(By.java:431)
	at org.openqa.selenium.remote.RemoteWebDriver.findElement(RemoteWebDriver.java:315)
	at Maven.HCcreate.hcwithinvalidpostcode(HCcreate.java:103)
	at java.base/java.util.concurrent.FutureTask.run(FutureTask.java:264)
	at java.base/java.util.concurrent.ThreadPoolExecutor.runWorker(ThreadPoolExecutor.java:1128)
	at java.base/java.util.concurrent.ThreadPoolExecutor$Worker.run(ThreadPoolExecutor.java:628)
	at java.base/java.lang.Thread.run(Thread.java:835)
... Removed 21 stack frames
</div> <!-- stack-trace -->
                  <em>
(When HC enter invalid postcode)                  </em>
                </div> <!-- method-content -->
              </div> <!-- method -->
              <div class="method">
                <div class="method-content">
                  <a name="hcwithinvalidurl">
                  </a> <!-- hcwithinvalidurl -->
                  <span class="method-name">hcwithinvalidurl</span>
                  <div class="stack-trace">org.openqa.selenium.NoSuchElementException: no such element: Unable to locate element: {&quot;method&quot;:&quot;css selector&quot;,&quot;selector&quot;:&quot;input#companyName&quot;}
  (Session info: chrome=74.0.3729.169)
  (Driver info: chromedriver=74.0.3729.6 (255758eccf3d244491b8a1317aa76e1ce10d57e9-refs/branch-heads/3729@{#29}),platform=Windows NT 6.1.7601 SP1 x86_64) (WARNING: The server did not provide any stacktrace information)
Command duration or timeout: 0 milliseconds
For documentation on this error, please visit: https://www.seleniumhq.org/exceptions/no_such_element.html
Build info: version: &apos;3.141.59&apos;, revision: &apos;e82be7d358&apos;, time: &apos;2018-11-14T08:17:03&apos;
System info: host: &apos;UCREATE-65-PC&apos;, ip: &apos;192.168.0.36&apos;, os.name: &apos;Windows 7&apos;, os.arch: &apos;amd64&apos;, os.version: &apos;6.1&apos;, java.version: &apos;12&apos;
Driver info: org.openqa.selenium.chrome.ChromeDriver
Capabilities {acceptInsecureCerts: false, acceptSslCerts: false, applicationCacheEnabled: false, browserConnectionEnabled: false, browserName: chrome, chrome: {chromedriverVersion: 74.0.3729.6 (255758eccf3d24..., userDataDir: C:\Users\UCREAT~1\AppData\L...}, cssSelectorsEnabled: true, databaseEnabled: false, goog:chromeOptions: {debuggerAddress: localhost:55947}, handlesAlerts: true, hasTouchScreen: false, javascriptEnabled: true, locationContextEnabled: true, mobileEmulationEnabled: false, nativeEvents: true, networkConnectionEnabled: false, pageLoadStrategy: normal, platform: XP, platformName: XP, proxy: Proxy(), rotatable: false, setWindowRect: true, strictFileInteractability: false, takesHeapSnapshot: true, takesScreenshot: true, timeouts: {implicit: 0, pageLoad: 300000, script: 30000}, unexpectedAlertBehaviour: ignore, unhandledPromptBehavior: ignore, version: 74.0.3729.169, webStorageEnabled: true}
Session ID: c9bbac6b7a11697533bc2c3f3ec9fb43
*** Element info: {Using=css selector, value=input#companyName}
	at org.openqa.selenium.remote.ErrorHandler.createThrowable(ErrorHandler.java:214)
	at org.openqa.selenium.remote.ErrorHandler.throwIfResponseFailed(ErrorHandler.java:166)
	at org.openqa.selenium.remote.http.JsonHttpResponseCodec.reconstructValue(JsonHttpResponseCodec.java:40)
	at org.openqa.selenium.remote.http.AbstractHttpResponseCodec.decode(AbstractHttpResponseCodec.java:80)
	at org.openqa.selenium.remote.http.AbstractHttpResponseCodec.decode(AbstractHttpResponseCodec.java:44)
	at org.openqa.selenium.remote.HttpCommandExecutor.execute(HttpCommandExecutor.java:158)
	at org.openqa.selenium.remote.service.DriverCommandExecutor.execute(DriverCommandExecutor.java:83)
	at org.openqa.selenium.remote.RemoteWebDriver.execute(RemoteWebDriver.java:552)
	at org.openqa.selenium.remote.RemoteWebDriver.findElement(RemoteWebDriver.java:323)
	at org.openqa.selenium.remote.RemoteWebDriver.findElementByCssSelector(RemoteWebDriver.java:420)
	at org.openqa.selenium.By$ByCssSelector.findElement(By.java:431)
	at org.openqa.selenium.remote.RemoteWebDriver.findElement(RemoteWebDriver.java:315)
	at Maven.HCcreate.hcwithinvalidurl(HCcreate.java:209)
	at java.base/java.util.concurrent.FutureTask.run(FutureTask.java:264)
	at java.base/java.util.concurrent.ThreadPoolExecutor.runWorker(ThreadPoolExecutor.java:1128)
	at java.base/java.util.concurrent.ThreadPoolExecutor$Worker.run(ThreadPoolExecutor.java:628)
	at java.base/java.lang.Thread.run(Thread.java:835)
... Removed 20 stack frames
</div> <!-- stack-trace -->
                  <em>
(when admin try to create hc with input invalid URL)                  </em>
                </div> <!-- method-content -->
              </div> <!-- method -->
              <div class="method">
                <div class="method-content">
                  <a name="hcwithvaliddetails">
                  </a> <!-- hcwithvaliddetails -->
                  <span class="method-name">hcwithvaliddetails</span>
                  <div class="stack-trace">org.openqa.selenium.NoSuchElementException: no such element: Unable to locate element: {&quot;method&quot;:&quot;css selector&quot;,&quot;selector&quot;:&quot;input#companyName&quot;}
  (Session info: chrome=74.0.3729.169)
  (Driver info: chromedriver=74.0.3729.6 (255758eccf3d244491b8a1317aa76e1ce10d57e9-refs/branch-heads/3729@{#29}),platform=Windows NT 6.1.7601 SP1 x86_64) (WARNING: The server did not provide any stacktrace information)
Command duration or timeout: 0 milliseconds
For documentation on this error, please visit: https://www.seleniumhq.org/exceptions/no_such_element.html
Build info: version: &apos;3.141.59&apos;, revision: &apos;e82be7d358&apos;, time: &apos;2018-11-14T08:17:03&apos;
System info: host: &apos;UCREATE-65-PC&apos;, ip: &apos;192.168.0.36&apos;, os.name: &apos;Windows 7&apos;, os.arch: &apos;amd64&apos;, os.version: &apos;6.1&apos;, java.version: &apos;12&apos;
Driver info: org.openqa.selenium.chrome.ChromeDriver
Capabilities {acceptInsecureCerts: false, acceptSslCerts: false, applicationCacheEnabled: false, browserConnectionEnabled: false, browserName: chrome, chrome: {chromedriverVersion: 74.0.3729.6 (255758eccf3d24..., userDataDir: C:\Users\UCREAT~1\AppData\L...}, cssSelectorsEnabled: true, databaseEnabled: false, goog:chromeOptions: {debuggerAddress: localhost:55947}, handlesAlerts: true, hasTouchScreen: false, javascriptEnabled: true, locationContextEnabled: true, mobileEmulationEnabled: false, nativeEvents: true, networkConnectionEnabled: false, pageLoadStrategy: normal, platform: XP, platformName: XP, proxy: Proxy(), rotatable: false, setWindowRect: true, strictFileInteractability: false, takesHeapSnapshot: true, takesScreenshot: true, timeouts: {implicit: 0, pageLoad: 300000, script: 30000}, unexpectedAlertBehaviour: ignore, unhandledPromptBehavior: ignore, version: 74.0.3729.169, webStorageEnabled: true}
Session ID: c9bbac6b7a11697533bc2c3f3ec9fb43
*** Element info: {Using=css selector, value=input#companyName}
	at org.openqa.selenium.remote.ErrorHandler.createThrowable(ErrorHandler.java:214)
	at org.openqa.selenium.remote.ErrorHandler.throwIfResponseFailed(ErrorHandler.java:166)
	at org.openqa.selenium.remote.http.JsonHttpResponseCodec.reconstructValue(JsonHttpResponseCodec.java:40)
	at org.openqa.selenium.remote.http.AbstractHttpResponseCodec.decode(AbstractHttpResponseCodec.java:80)
	at org.openqa.selenium.remote.http.AbstractHttpResponseCodec.decode(AbstractHttpResponseCodec.java:44)
	at org.openqa.selenium.remote.HttpCommandExecutor.execute(HttpCommandExecutor.java:158)
	at org.openqa.selenium.remote.service.DriverCommandExecutor.execute(DriverCommandExecutor.java:83)
	at org.openqa.selenium.remote.RemoteWebDriver.execute(RemoteWebDriver.java:552)
	at org.openqa.selenium.remote.RemoteWebDriver.findElement(RemoteWebDriver.java:323)
	at org.openqa.selenium.remote.RemoteWebDriver.findElementByCssSelector(RemoteWebDriver.java:420)
	at org.openqa.selenium.By$ByCssSelector.findElement(By.java:431)
	at org.openqa.selenium.remote.RemoteWebDriver.findElement(RemoteWebDriver.java:315)
	at Maven.HCcreate.hcwithvaliddetails(HCcreate.java:36)
	at java.base/java.util.concurrent.FutureTask.run(FutureTask.java:264)
	at java.base/java.util.concurrent.ThreadPoolExecutor.runWorker(ThreadPoolExecutor.java:1128)
	at java.base/java.util.concurrent.ThreadPoolExecutor$Worker.run(ThreadPoolExecutor.java:628)
	at java.base/java.lang.Thread.run(Thread.java:835)
... Removed 20 stack frames
</div> <!-- stack-trace -->
                  <em>
(When Admin create HC with valid details)                  </em>
                </div> <!-- method-content -->
              </div> <!-- method -->
            </div> <!-- main-panel-content rounded-window-bottom -->
          </div> <!-- suite-test-suite-class-failed -->
          <div class="suite-test-suite-class-failed">
            <div class="main-panel-header rounded-window-top">
              <img src="failed.png"/>
              <span class="class-name">Maven.Createjob</span>
            </div> <!-- main-panel-header rounded-window-top -->
            <div class="main-panel-content rounded-window-bottom">
              <div class="method">
                <div class="method-content">
                  <a name="main">
                  </a> <!-- main -->
                  <span class="method-name">main</span>
                  <div class="stack-trace">org.openqa.selenium.ElementClickInterceptedException: element click intercepted: Element &lt;button class=&quot;green-primary-btn-small create-job&quot;&gt;...&lt;/button&gt; is not clickable at point (1370, 726). Other element would receive the click: &lt;iframe src=&quot;https://app.hubspot.com/conversations-visitor/4584478/threads/utk/04944d7c901c4410826a0253ff97340c?uuid=ef65af4a9492483281843d02646d97f1&amp;amp;mobile=false&amp;amp;mobileSafari=false&amp;amp;open=false&amp;amp;hideWelcomeMessage=false&amp;amp;domain=uat.connected2.io&amp;amp;inApp53=false&amp;amp;messagesUtk=04944d7c901c4410826a0253ff97340c&amp;amp;url=https%3A%2F%2Fuat.connected2.io%2Fhclogin&amp;amp;inline=false&quot;&gt;&lt;/iframe&gt;
  (Session info: chrome=74.0.3729.169)
  (Driver info: chromedriver=74.0.3729.6 (255758eccf3d244491b8a1317aa76e1ce10d57e9-refs/branch-heads/3729@{#29}),platform=Windows NT 6.1.7601 SP1 x86_64) (WARNING: The server did not provide any stacktrace information)
Command duration or timeout: 0 milliseconds
Build info: version: &apos;3.141.59&apos;, revision: &apos;e82be7d358&apos;, time: &apos;2018-11-14T08:17:03&apos;
System info: host: &apos;UCREATE-65-PC&apos;, ip: &apos;192.168.0.36&apos;, os.name: &apos;Windows 7&apos;, os.arch: &apos;amd64&apos;, os.version: &apos;6.1&apos;, java.version: &apos;12&apos;
Driver info: org.openqa.selenium.chrome.ChromeDriver
Capabilities {acceptInsecureCerts: false, acceptSslCerts: false, applicationCacheEnabled: false, browserConnectionEnabled: false, browserName: chrome, chrome: {chromedriverVersion: 74.0.3729.6 (255758eccf3d24..., userDataDir: C:\Users\UCREAT~1\AppData\L...}, cssSelectorsEnabled: true, databaseEnabled: false, goog:chromeOptions: {debuggerAddress: localhost:55805}, handlesAlerts: true, hasTouchScreen: false, javascriptEnabled: true, locationContextEnabled: true, mobileEmulationEnabled: false, nativeEvents: true, networkConnectionEnabled: false, pageLoadStrategy: normal, platform: XP, platformName: XP, proxy: Proxy(), rotatable: false, setWindowRect: true, strictFileInteractability: false, takesHeapSnapshot: true, takesScreenshot: true, timeouts: {implicit: 0, pageLoad: 300000, script: 30000}, unexpectedAlertBehaviour: ignore, unhandledPromptBehavior: ignore, version: 74.0.3729.169, webStorageEnabled: true}
Session ID: 92f10c11bcd9f185097e4303e868e900
	at org.openqa.selenium.remote.ErrorHandler.createThrowable(ErrorHandler.java:214)
	at org.openqa.selenium.remote.ErrorHandler.throwIfResponseFailed(ErrorHandler.java:166)
	at org.openqa.selenium.remote.http.JsonHttpResponseCodec.reconstructValue(JsonHttpResponseCodec.java:40)
	at org.openqa.selenium.remote.http.AbstractHttpResponseCodec.decode(AbstractHttpResponseCodec.java:80)
	at org.openqa.selenium.remote.http.AbstractHttpResponseCodec.decode(AbstractHttpResponseCodec.java:44)
	at org.openqa.selenium.remote.HttpCommandExecutor.execute(HttpCommandExecutor.java:158)
	at org.openqa.selenium.remote.service.DriverCommandExecutor.execute(DriverCommandExecutor.java:83)
	at org.openqa.selenium.remote.RemoteWebDriver.execute(RemoteWebDriver.java:552)
	at org.openqa.selenium.remote.RemoteWebElement.execute(RemoteWebElement.java:285)
	at org.openqa.selenium.remote.RemoteWebElement.click(RemoteWebElement.java:84)
	at Maven.Createjob.main(Createjob.java:43)
	at java.base/java.util.concurrent.FutureTask.run(FutureTask.java:264)
	at java.base/java.util.concurrent.ThreadPoolExecutor.runWorker(ThreadPoolExecutor.java:1128)
	at java.base/java.util.concurrent.ThreadPoolExecutor$Worker.run(ThreadPoolExecutor.java:628)
	at java.base/java.lang.Thread.run(Thread.java:835)
... Removed 21 stack frames
</div> <!-- stack-trace -->
                  <em>
(When HC create a job with valid details)                  </em>
                </div> <!-- method-content -->
              </div> <!-- method -->
              <div class="method">
                <div class="method-content">
                  <a name="nextbuttondisable">
                  </a> <!-- nextbuttondisable -->
                  <span class="method-name">nextbuttondisable</span>
                  <div class="stack-trace">org.openqa.selenium.NoSuchElementException: no such element: Unable to locate element: {&quot;method&quot;:&quot;xpath&quot;,&quot;selector&quot;:&quot;//span[text()=&apos;CREATE JOB&apos;]&quot;}
  (Session info: chrome=74.0.3729.169)
  (Driver info: chromedriver=74.0.3729.6 (255758eccf3d244491b8a1317aa76e1ce10d57e9-refs/branch-heads/3729@{#29}),platform=Windows NT 6.1.7601 SP1 x86_64) (WARNING: The server did not provide any stacktrace information)
Command duration or timeout: 0 milliseconds
For documentation on this error, please visit: https://www.seleniumhq.org/exceptions/no_such_element.html
Build info: version: &apos;3.141.59&apos;, revision: &apos;e82be7d358&apos;, time: &apos;2018-11-14T08:17:03&apos;
System info: host: &apos;UCREATE-65-PC&apos;, ip: &apos;192.168.0.36&apos;, os.name: &apos;Windows 7&apos;, os.arch: &apos;amd64&apos;, os.version: &apos;6.1&apos;, java.version: &apos;12&apos;
Driver info: org.openqa.selenium.chrome.ChromeDriver
Capabilities {acceptInsecureCerts: false, acceptSslCerts: false, applicationCacheEnabled: false, browserConnectionEnabled: false, browserName: chrome, chrome: {chromedriverVersion: 74.0.3729.6 (255758eccf3d24..., userDataDir: C:\Users\UCREAT~1\AppData\L...}, cssSelectorsEnabled: true, databaseEnabled: false, goog:chromeOptions: {debuggerAddress: localhost:55805}, handlesAlerts: true, hasTouchScreen: false, javascriptEnabled: true, locationContextEnabled: true, mobileEmulationEnabled: false, nativeEvents: true, networkConnectionEnabled: false, pageLoadStrategy: normal, platform: XP, platformName: XP, proxy: Proxy(), rotatable: false, setWindowRect: true, strictFileInteractability: false, takesHeapSnapshot: true, takesScreenshot: true, timeouts: {implicit: 0, pageLoad: 300000, script: 30000}, unexpectedAlertBehaviour: ignore, unhandledPromptBehavior: ignore, version: 74.0.3729.169, webStorageEnabled: true}
Session ID: 92f10c11bcd9f185097e4303e868e900
*** Element info: {Using=xpath, value=//span[text()=&apos;CREATE JOB&apos;]}
	at org.openqa.selenium.remote.ErrorHandler.createThrowable(ErrorHandler.java:214)
	at org.openqa.selenium.remote.ErrorHandler.throwIfResponseFailed(ErrorHandler.java:166)
	at org.openqa.selenium.remote.http.JsonHttpResponseCodec.reconstructValue(JsonHttpResponseCodec.java:40)
	at org.openqa.selenium.remote.http.AbstractHttpResponseCodec.decode(AbstractHttpResponseCodec.java:80)
	at org.openqa.selenium.remote.http.AbstractHttpResponseCodec.decode(AbstractHttpResponseCodec.java:44)
	at org.openqa.selenium.remote.HttpCommandExecutor.execute(HttpCommandExecutor.java:158)
	at org.openqa.selenium.remote.service.DriverCommandExecutor.execute(DriverCommandExecutor.java:83)
	at org.openqa.selenium.remote.RemoteWebDriver.execute(RemoteWebDriver.java:552)
	at org.openqa.selenium.remote.RemoteWebDriver.findElement(RemoteWebDriver.java:323)
	at org.openqa.selenium.remote.RemoteWebDriver.findElementByXPath(RemoteWebDriver.java:428)
	at org.openqa.selenium.By$ByXPath.findElement(By.java:353)
	at org.openqa.selenium.remote.RemoteWebDriver.findElement(RemoteWebDriver.java:315)
	at Maven.Createjob.nextbuttondisable(Createjob.java:106)
	at java.base/java.util.concurrent.FutureTask.run(FutureTask.java:264)
	at java.base/java.util.concurrent.ThreadPoolExecutor.runWorker(ThreadPoolExecutor.java:1128)
	at java.base/java.util.concurrent.ThreadPoolExecutor$Worker.run(ThreadPoolExecutor.java:628)
	at java.base/java.lang.Thread.run(Thread.java:835)
... Removed 21 stack frames
</div> <!-- stack-trace -->
                  <em>
(Verify that Create job button disable on Step 1)                  </em>
                </div> <!-- method-content -->
              </div> <!-- method -->
              <div class="method">
                <div class="method-content">
                  <a name="nextbuttondisableandbackbuttonenable">
                  </a> <!-- nextbuttondisableandbackbuttonenable -->
                  <span class="method-name">nextbuttondisableandbackbuttonenable</span>
                  <div class="stack-trace">org.openqa.selenium.ElementClickInterceptedException: element click intercepted: Element &lt;button class=&quot;green-primary-btn-small create-job&quot;&gt;...&lt;/button&gt; is not clickable at point (1370, 726). Other element would receive the click: &lt;iframe src=&quot;https://app.hubspot.com/conversations-visitor/4584478/threads/utk/04944d7c901c4410826a0253ff97340c?uuid=ef65af4a9492483281843d02646d97f1&amp;amp;mobile=false&amp;amp;mobileSafari=false&amp;amp;open=false&amp;amp;hideWelcomeMessage=false&amp;amp;domain=uat.connected2.io&amp;amp;inApp53=false&amp;amp;messagesUtk=04944d7c901c4410826a0253ff97340c&amp;amp;url=https%3A%2F%2Fuat.connected2.io%2Fhclogin&amp;amp;inline=false&quot;&gt;&lt;/iframe&gt;
  (Session info: chrome=74.0.3729.169)
  (Driver info: chromedriver=74.0.3729.6 (255758eccf3d244491b8a1317aa76e1ce10d57e9-refs/branch-heads/3729@{#29}),platform=Windows NT 6.1.7601 SP1 x86_64) (WARNING: The server did not provide any stacktrace information)
Command duration or timeout: 0 milliseconds
Build info: version: &apos;3.141.59&apos;, revision: &apos;e82be7d358&apos;, time: &apos;2018-11-14T08:17:03&apos;
System info: host: &apos;UCREATE-65-PC&apos;, ip: &apos;192.168.0.36&apos;, os.name: &apos;Windows 7&apos;, os.arch: &apos;amd64&apos;, os.version: &apos;6.1&apos;, java.version: &apos;12&apos;
Driver info: org.openqa.selenium.chrome.ChromeDriver
Capabilities {acceptInsecureCerts: false, acceptSslCerts: false, applicationCacheEnabled: false, browserConnectionEnabled: false, browserName: chrome, chrome: {chromedriverVersion: 74.0.3729.6 (255758eccf3d24..., userDataDir: C:\Users\UCREAT~1\AppData\L...}, cssSelectorsEnabled: true, databaseEnabled: false, goog:chromeOptions: {debuggerAddress: localhost:55805}, handlesAlerts: true, hasTouchScreen: false, javascriptEnabled: true, locationContextEnabled: true, mobileEmulationEnabled: false, nativeEvents: true, networkConnectionEnabled: false, pageLoadStrategy: normal, platform: XP, platformName: XP, proxy: Proxy(), rotatable: false, setWindowRect: true, strictFileInteractability: false, takesHeapSnapshot: true, takesScreenshot: true, timeouts: {implicit: 0, pageLoad: 300000, script: 30000}, unexpectedAlertBehaviour: ignore, unhandledPromptBehavior: ignore, version: 74.0.3729.169, webStorageEnabled: true}
Session ID: 92f10c11bcd9f185097e4303e868e900
	at org.openqa.selenium.remote.ErrorHandler.createThrowable(ErrorHandler.java:214)
	at org.openqa.selenium.remote.ErrorHandler.throwIfResponseFailed(ErrorHandler.java:166)
	at org.openqa.selenium.remote.http.JsonHttpResponseCodec.reconstructValue(JsonHttpResponseCodec.java:40)
	at org.openqa.selenium.remote.http.AbstractHttpResponseCodec.decode(AbstractHttpResponseCodec.java:80)
	at org.openqa.selenium.remote.http.AbstractHttpResponseCodec.decode(AbstractHttpResponseCodec.java:44)
	at org.openqa.selenium.remote.HttpCommandExecutor.execute(HttpCommandExecutor.java:158)
	at org.openqa.selenium.remote.service.DriverCommandExecutor.execute(DriverCommandExecutor.java:83)
	at org.openqa.selenium.remote.RemoteWebDriver.execute(RemoteWebDriver.java:552)
	at org.openqa.selenium.remote.RemoteWebElement.execute(RemoteWebElement.java:285)
	at org.openqa.selenium.remote.RemoteWebElement.click(RemoteWebElement.java:84)
	at Maven.Createjob.nextbuttondisableandbackbuttonenable(Createjob.java:133)
	at java.base/java.util.concurrent.FutureTask.run(FutureTask.java:264)
	at java.base/java.util.concurrent.ThreadPoolExecutor.runWorker(ThreadPoolExecutor.java:1128)
	at java.base/java.util.concurrent.ThreadPoolExecutor$Worker.run(ThreadPoolExecutor.java:628)
	at java.base/java.lang.Thread.run(Thread.java:835)
... Removed 21 stack frames
</div> <!-- stack-trace -->
                  <em>
(Verify Next button is disable on Step 2 of create job when redirectiong from step 1)                  </em>
                </div> <!-- method-content -->
              </div> <!-- method -->
              <div class="method">
                <div class="method-content">
                  <a name="nextbuttondisableasndbackbuttonenable">
                  </a> <!-- nextbuttondisableasndbackbuttonenable -->
                  <span class="method-name">nextbuttondisableasndbackbuttonenable</span>
                  <div class="stack-trace">org.openqa.selenium.NoSuchElementException: no such element: Unable to locate element: {&quot;method&quot;:&quot;xpath&quot;,&quot;selector&quot;:&quot;//div[@class=&apos;form-input-group faded-field&apos;]/button[@class=&apos;green-primary-btn-small create-job&apos;]&quot;}
  (Session info: chrome=74.0.3729.169)
  (Driver info: chromedriver=74.0.3729.6 (255758eccf3d244491b8a1317aa76e1ce10d57e9-refs/branch-heads/3729@{#29}),platform=Windows NT 6.1.7601 SP1 x86_64) (WARNING: The server did not provide any stacktrace information)
Command duration or timeout: 0 milliseconds
For documentation on this error, please visit: https://www.seleniumhq.org/exceptions/no_such_element.html
Build info: version: &apos;3.141.59&apos;, revision: &apos;e82be7d358&apos;, time: &apos;2018-11-14T08:17:03&apos;
System info: host: &apos;UCREATE-65-PC&apos;, ip: &apos;192.168.0.36&apos;, os.name: &apos;Windows 7&apos;, os.arch: &apos;amd64&apos;, os.version: &apos;6.1&apos;, java.version: &apos;12&apos;
Driver info: org.openqa.selenium.chrome.ChromeDriver
Capabilities {acceptInsecureCerts: false, acceptSslCerts: false, applicationCacheEnabled: false, browserConnectionEnabled: false, browserName: chrome, chrome: {chromedriverVersion: 74.0.3729.6 (255758eccf3d24..., userDataDir: C:\Users\UCREAT~1\AppData\L...}, cssSelectorsEnabled: true, databaseEnabled: false, goog:chromeOptions: {debuggerAddress: localhost:55805}, handlesAlerts: true, hasTouchScreen: false, javascriptEnabled: true, locationContextEnabled: true, mobileEmulationEnabled: false, nativeEvents: true, networkConnectionEnabled: false, pageLoadStrategy: normal, platform: XP, platformName: XP, proxy: Proxy(), rotatable: false, setWindowRect: true, strictFileInteractability: false, takesHeapSnapshot: true, takesScreenshot: true, timeouts: {implicit: 0, pageLoad: 300000, script: 30000}, unexpectedAlertBehaviour: ignore, unhandledPromptBehavior: ignore, version: 74.0.3729.169, webStorageEnabled: true}
Session ID: 92f10c11bcd9f185097e4303e868e900
*** Element info: {Using=xpath, value=//div[@class=&apos;form-input-group faded-field&apos;]/button[@class=&apos;green-primary-btn-small create-job&apos;]}
	at org.openqa.selenium.remote.ErrorHandler.createThrowable(ErrorHandler.java:214)
	at org.openqa.selenium.remote.ErrorHandler.throwIfResponseFailed(ErrorHandler.java:166)
	at org.openqa.selenium.remote.http.JsonHttpResponseCodec.reconstructValue(JsonHttpResponseCodec.java:40)
	at org.openqa.selenium.remote.http.AbstractHttpResponseCodec.decode(AbstractHttpResponseCodec.java:80)
	at org.openqa.selenium.remote.http.AbstractHttpResponseCodec.decode(AbstractHttpResponseCodec.java:44)
	at org.openqa.selenium.remote.HttpCommandExecutor.execute(HttpCommandExecutor.java:158)
	at org.openqa.selenium.remote.service.DriverCommandExecutor.execute(DriverCommandExecutor.java:83)
	at org.openqa.selenium.remote.RemoteWebDriver.execute(RemoteWebDriver.java:552)
	at org.openqa.selenium.remote.RemoteWebDriver.findElement(RemoteWebDriver.java:323)
	at org.openqa.selenium.remote.RemoteWebDriver.findElementByXPath(RemoteWebDriver.java:428)
	at org.openqa.selenium.By$ByXPath.findElement(By.java:353)
	at org.openqa.selenium.remote.RemoteWebDriver.findElement(RemoteWebDriver.java:315)
	at Maven.Createjob.nextbuttondisableasndbackbuttonenable(Createjob.java:151)
	at java.base/java.util.concurrent.FutureTask.run(FutureTask.java:264)
	at java.base/java.util.concurrent.ThreadPoolExecutor.runWorker(ThreadPoolExecutor.java:1128)
	at java.base/java.util.concurrent.ThreadPoolExecutor$Worker.run(ThreadPoolExecutor.java:628)
	at java.base/java.lang.Thread.run(Thread.java:835)
... Removed 20 stack frames
</div> <!-- stack-trace -->
                  <em>
(When back button enable on Step2 and redirection working or not)                  </em>
                </div> <!-- method-content -->
              </div> <!-- method -->
              <div class="method">
                <div class="method-content">
                  <a name="nextbuttonenable">
                  </a> <!-- nextbuttonenable -->
                  <span class="method-name">nextbuttonenable</span>
                  <div class="stack-trace">org.openqa.selenium.ElementClickInterceptedException: element click intercepted: Element &lt;button class=&quot;green-primary-btn-small create-job&quot;&gt;...&lt;/button&gt; is not clickable at point (1370, 726). Other element would receive the click: &lt;iframe src=&quot;https://app.hubspot.com/conversations-visitor/4584478/threads/utk/04944d7c901c4410826a0253ff97340c?uuid=ef65af4a9492483281843d02646d97f1&amp;amp;mobile=false&amp;amp;mobileSafari=false&amp;amp;open=false&amp;amp;hideWelcomeMessage=false&amp;amp;domain=uat.connected2.io&amp;amp;inApp53=false&amp;amp;messagesUtk=04944d7c901c4410826a0253ff97340c&amp;amp;url=https%3A%2F%2Fuat.connected2.io%2Fhclogin&amp;amp;inline=false&quot;&gt;&lt;/iframe&gt;
  (Session info: chrome=74.0.3729.169)
  (Driver info: chromedriver=74.0.3729.6 (255758eccf3d244491b8a1317aa76e1ce10d57e9-refs/branch-heads/3729@{#29}),platform=Windows NT 6.1.7601 SP1 x86_64) (WARNING: The server did not provide any stacktrace information)
Command duration or timeout: 0 milliseconds
Build info: version: &apos;3.141.59&apos;, revision: &apos;e82be7d358&apos;, time: &apos;2018-11-14T08:17:03&apos;
System info: host: &apos;UCREATE-65-PC&apos;, ip: &apos;192.168.0.36&apos;, os.name: &apos;Windows 7&apos;, os.arch: &apos;amd64&apos;, os.version: &apos;6.1&apos;, java.version: &apos;12&apos;
Driver info: org.openqa.selenium.chrome.ChromeDriver
Capabilities {acceptInsecureCerts: false, acceptSslCerts: false, applicationCacheEnabled: false, browserConnectionEnabled: false, browserName: chrome, chrome: {chromedriverVersion: 74.0.3729.6 (255758eccf3d24..., userDataDir: C:\Users\UCREAT~1\AppData\L...}, cssSelectorsEnabled: true, databaseEnabled: false, goog:chromeOptions: {debuggerAddress: localhost:55805}, handlesAlerts: true, hasTouchScreen: false, javascriptEnabled: true, locationContextEnabled: true, mobileEmulationEnabled: false, nativeEvents: true, networkConnectionEnabled: false, pageLoadStrategy: normal, platform: XP, platformName: XP, proxy: Proxy(), rotatable: false, setWindowRect: true, strictFileInteractability: false, takesHeapSnapshot: true, takesScreenshot: true, timeouts: {implicit: 0, pageLoad: 300000, script: 30000}, unexpectedAlertBehaviour: ignore, unhandledPromptBehavior: ignore, version: 74.0.3729.169, webStorageEnabled: true}
Session ID: 92f10c11bcd9f185097e4303e868e900
	at org.openqa.selenium.remote.ErrorHandler.createThrowable(ErrorHandler.java:214)
	at org.openqa.selenium.remote.ErrorHandler.throwIfResponseFailed(ErrorHandler.java:166)
	at org.openqa.selenium.remote.http.JsonHttpResponseCodec.reconstructValue(JsonHttpResponseCodec.java:40)
	at org.openqa.selenium.remote.http.AbstractHttpResponseCodec.decode(AbstractHttpResponseCodec.java:80)
	at org.openqa.selenium.remote.http.AbstractHttpResponseCodec.decode(AbstractHttpResponseCodec.java:44)
	at org.openqa.selenium.remote.HttpCommandExecutor.execute(HttpCommandExecutor.java:158)
	at org.openqa.selenium.remote.service.DriverCommandExecutor.execute(DriverCommandExecutor.java:83)
	at org.openqa.selenium.remote.RemoteWebDriver.execute(RemoteWebDriver.java:552)
	at org.openqa.selenium.remote.RemoteWebElement.execute(RemoteWebElement.java:285)
	at org.openqa.selenium.remote.RemoteWebElement.click(RemoteWebElement.java:84)
	at Maven.Createjob.nextbuttonenable(Createjob.java:185)
	at java.base/java.util.concurrent.FutureTask.run(FutureTask.java:264)
	at java.base/java.util.concurrent.ThreadPoolExecutor.runWorker(ThreadPoolExecutor.java:1128)
	at java.base/java.util.concurrent.ThreadPoolExecutor$Worker.run(ThreadPoolExecutor.java:628)
	at java.base/java.lang.Thread.run(Thread.java:835)
... Removed 20 stack frames
</div> <!-- stack-trace -->
                  <em>
(Verify Next button is disable on Step 2 of create job when redirectiong from step 1)                  </em>
                </div> <!-- method-content -->
              </div> <!-- method -->
            </div> <!-- main-panel-content rounded-window-bottom -->
          </div> <!-- suite-test-suite-class-failed -->
          <div class="suite-test-suite-class-failed">
            <div class="main-panel-header rounded-window-top">
              <img src="failed.png"/>
              <span class="class-name">Maven.Login</span>
            </div> <!-- main-panel-header rounded-window-top -->
            <div class="main-panel-content rounded-window-bottom">
              <div class="method">
                <div class="method-content">
                  <a name="testwithvaliddetails">
                  </a> <!-- testwithvaliddetails -->
                  <span class="method-name">testwithvaliddetails</span>
                  <div class="stack-trace">org.openqa.selenium.NoSuchElementException: no such element: Unable to locate element: {&quot;method&quot;:&quot;xpath&quot;,&quot;selector&quot;:&quot;//input[@name=&apos;mail&apos;]&quot;}
  (Session info: chrome=74.0.3729.169)
  (Driver info: chromedriver=74.0.3729.6 (255758eccf3d244491b8a1317aa76e1ce10d57e9-refs/branch-heads/3729@{#29}),platform=Windows NT 6.1.7601 SP1 x86_64) (WARNING: The server did not provide any stacktrace information)
Command duration or timeout: 0 milliseconds
For documentation on this error, please visit: https://www.seleniumhq.org/exceptions/no_such_element.html
Build info: version: &apos;3.141.59&apos;, revision: &apos;e82be7d358&apos;, time: &apos;2018-11-14T08:17:03&apos;
System info: host: &apos;UCREATE-65-PC&apos;, ip: &apos;192.168.0.36&apos;, os.name: &apos;Windows 7&apos;, os.arch: &apos;amd64&apos;, os.version: &apos;6.1&apos;, java.version: &apos;12&apos;
Driver info: org.openqa.selenium.chrome.ChromeDriver
Capabilities {acceptInsecureCerts: false, acceptSslCerts: false, applicationCacheEnabled: false, browserConnectionEnabled: false, browserName: chrome, chrome: {chromedriverVersion: 74.0.3729.6 (255758eccf3d24..., userDataDir: C:\Users\UCREAT~1\AppData\L...}, cssSelectorsEnabled: true, databaseEnabled: false, goog:chromeOptions: {debuggerAddress: localhost:56035}, handlesAlerts: true, hasTouchScreen: false, javascriptEnabled: true, locationContextEnabled: true, mobileEmulationEnabled: false, nativeEvents: true, networkConnectionEnabled: false, pageLoadStrategy: normal, platform: XP, platformName: XP, proxy: Proxy(), rotatable: false, setWindowRect: true, strictFileInteractability: false, takesHeapSnapshot: true, takesScreenshot: true, timeouts: {implicit: 0, pageLoad: 300000, script: 30000}, unexpectedAlertBehaviour: ignore, unhandledPromptBehavior: ignore, version: 74.0.3729.169, webStorageEnabled: true}
Session ID: 636d1368b481f0133ce7f299833c4057
*** Element info: {Using=xpath, value=//input[@name=&apos;mail&apos;]}
	at org.openqa.selenium.remote.ErrorHandler.createThrowable(ErrorHandler.java:214)
	at org.openqa.selenium.remote.ErrorHandler.throwIfResponseFailed(ErrorHandler.java:166)
	at org.openqa.selenium.remote.http.JsonHttpResponseCodec.reconstructValue(JsonHttpResponseCodec.java:40)
	at org.openqa.selenium.remote.http.AbstractHttpResponseCodec.decode(AbstractHttpResponseCodec.java:80)
	at org.openqa.selenium.remote.http.AbstractHttpResponseCodec.decode(AbstractHttpResponseCodec.java:44)
	at org.openqa.selenium.remote.HttpCommandExecutor.execute(HttpCommandExecutor.java:158)
	at org.openqa.selenium.remote.service.DriverCommandExecutor.execute(DriverCommandExecutor.java:83)
	at org.openqa.selenium.remote.RemoteWebDriver.execute(RemoteWebDriver.java:552)
	at org.openqa.selenium.remote.RemoteWebDriver.findElement(RemoteWebDriver.java:323)
	at org.openqa.selenium.remote.RemoteWebDriver.findElementByXPath(RemoteWebDriver.java:428)
	at org.openqa.selenium.By$ByXPath.findElement(By.java:353)
	at org.openqa.selenium.remote.RemoteWebDriver.findElement(RemoteWebDriver.java:315)
	at Maven.Login.testwithvaliddetails(Login.java:32)
	at java.base/java.util.concurrent.FutureTask.run(FutureTask.java:264)
	at java.base/java.util.concurrent.ThreadPoolExecutor.runWorker(ThreadPoolExecutor.java:1128)
	at java.base/java.util.concurrent.ThreadPoolExecutor$Worker.run(ThreadPoolExecutor.java:628)
	at java.base/java.lang.Thread.run(Thread.java:835)
... Removed 20 stack frames
</div> <!-- stack-trace -->
                </div> <!-- method-content -->
              </div> <!-- method -->
            </div> <!-- main-panel-content rounded-window-bottom -->
          </div> <!-- suite-test-suite-class-failed -->
          <div class="suite-test-suite-class-failed">
            <div class="main-panel-header rounded-window-top">
              <img src="failed.png"/>
              <span class="class-name">Maven.Rateupdate</span>
            </div> <!-- main-panel-header rounded-window-top -->
            <div class="main-panel-content rounded-window-bottom">
              <div class="method">
                <div class="method-content">
                  <a name="blank11LTDrate">
                  </a> <!-- blank11LTDrate -->
                  <span class="method-name">blank11LTDrate</span>
                  <div class="stack-trace">org.openqa.selenium.ElementClickInterceptedException: element click intercepted: Element &lt;button class=&quot;green-primary-btn&quot;&gt;...&lt;/button&gt; is not clickable at point (1373, 726). Other element would receive the click: &lt;iframe src=&quot;https://app.hubspot.com/conversations-visitor/4584478/threads/utk/ad334c9767aa4a0b9d1e98331a08fabe?uuid=99265e128b5f4a809259cc50ac05490a&amp;amp;mobile=false&amp;amp;mobileSafari=false&amp;amp;open=false&amp;amp;hideWelcomeMessage=false&amp;amp;domain=uat.connected2.io&amp;amp;inApp53=false&amp;amp;messagesUtk=ad334c9767aa4a0b9d1e98331a08fabe&amp;amp;url=https%3A%2F%2Fuat.connected2.io%2Fhclogin&amp;amp;inline=false&quot;&gt;&lt;/iframe&gt;
  (Session info: chrome=74.0.3729.169)
  (Driver info: chromedriver=74.0.3729.6 (255758eccf3d244491b8a1317aa76e1ce10d57e9-refs/branch-heads/3729@{#29}),platform=Windows NT 6.1.7601 SP1 x86_64) (WARNING: The server did not provide any stacktrace information)
Command duration or timeout: 0 milliseconds
Build info: version: &apos;3.141.59&apos;, revision: &apos;e82be7d358&apos;, time: &apos;2018-11-14T08:17:03&apos;
System info: host: &apos;UCREATE-65-PC&apos;, ip: &apos;192.168.0.36&apos;, os.name: &apos;Windows 7&apos;, os.arch: &apos;amd64&apos;, os.version: &apos;6.1&apos;, java.version: &apos;12&apos;
Driver info: org.openqa.selenium.chrome.ChromeDriver
Capabilities {acceptInsecureCerts: false, acceptSslCerts: false, applicationCacheEnabled: false, browserConnectionEnabled: false, browserName: chrome, chrome: {chromedriverVersion: 74.0.3729.6 (255758eccf3d24..., userDataDir: C:\Users\UCREAT~1\AppData\L...}, cssSelectorsEnabled: true, databaseEnabled: false, goog:chromeOptions: {debuggerAddress: localhost:56074}, handlesAlerts: true, hasTouchScreen: false, javascriptEnabled: true, locationContextEnabled: true, mobileEmulationEnabled: false, nativeEvents: true, networkConnectionEnabled: false, pageLoadStrategy: normal, platform: XP, platformName: XP, proxy: Proxy(), rotatable: false, setWindowRect: true, strictFileInteractability: false, takesHeapSnapshot: true, takesScreenshot: true, timeouts: {implicit: 0, pageLoad: 300000, script: 30000}, unexpectedAlertBehaviour: ignore, unhandledPromptBehavior: ignore, version: 74.0.3729.169, webStorageEnabled: true}
Session ID: e0286b4aba5eab0f86f664039f88a1b3
	at org.openqa.selenium.remote.ErrorHandler.createThrowable(ErrorHandler.java:214)
	at org.openqa.selenium.remote.ErrorHandler.throwIfResponseFailed(ErrorHandler.java:166)
	at org.openqa.selenium.remote.http.JsonHttpResponseCodec.reconstructValue(JsonHttpResponseCodec.java:40)
	at org.openqa.selenium.remote.http.AbstractHttpResponseCodec.decode(AbstractHttpResponseCodec.java:80)
	at org.openqa.selenium.remote.http.AbstractHttpResponseCodec.decode(AbstractHttpResponseCodec.java:44)
	at org.openqa.selenium.remote.HttpCommandExecutor.execute(HttpCommandExecutor.java:158)
	at org.openqa.selenium.remote.service.DriverCommandExecutor.execute(DriverCommandExecutor.java:83)
	at org.openqa.selenium.remote.RemoteWebDriver.execute(RemoteWebDriver.java:552)
	at org.openqa.selenium.remote.RemoteWebElement.execute(RemoteWebElement.java:285)
	at org.openqa.selenium.remote.RemoteWebElement.click(RemoteWebElement.java:84)
	at Maven.Rateupdate.blank11LTDrate(Rateupdate.java:182)
	at java.base/java.util.concurrent.FutureTask.run(FutureTask.java:264)
	at java.base/java.util.concurrent.ThreadPoolExecutor.runWorker(ThreadPoolExecutor.java:1128)
	at java.base/java.util.concurrent.ThreadPoolExecutor$Worker.run(ThreadPoolExecutor.java:628)
	at java.base/java.lang.Thread.run(Thread.java:835)
... Removed 20 stack frames
</div> <!-- stack-trace -->
                  <em>
(Verify the redirection to LTD tab with error messages when hc filled  only filled in Payee rates and click on done )                  </em>
                </div> <!-- method-content -->
              </div> <!-- method -->
              <div class="method">
                <div class="method-content">
                  <a name="blank1LTDrate">
                  </a> <!-- blank1LTDrate -->
                  <span class="method-name">blank1LTDrate</span>
                  <div class="stack-trace">org.openqa.selenium.ElementClickInterceptedException: element click intercepted: Element &lt;button class=&quot;green-primary-btn&quot;&gt;...&lt;/button&gt; is not clickable at point (1373, 726). Other element would receive the click: &lt;iframe src=&quot;https://app.hubspot.com/conversations-visitor/4584478/threads/utk/ad334c9767aa4a0b9d1e98331a08fabe?uuid=99265e128b5f4a809259cc50ac05490a&amp;amp;mobile=false&amp;amp;mobileSafari=false&amp;amp;open=false&amp;amp;hideWelcomeMessage=false&amp;amp;domain=uat.connected2.io&amp;amp;inApp53=false&amp;amp;messagesUtk=ad334c9767aa4a0b9d1e98331a08fabe&amp;amp;url=https%3A%2F%2Fuat.connected2.io%2Fhclogin&amp;amp;inline=false&quot;&gt;&lt;/iframe&gt;
  (Session info: chrome=74.0.3729.169)
  (Driver info: chromedriver=74.0.3729.6 (255758eccf3d244491b8a1317aa76e1ce10d57e9-refs/branch-heads/3729@{#29}),platform=Windows NT 6.1.7601 SP1 x86_64) (WARNING: The server did not provide any stacktrace information)
Command duration or timeout: 0 milliseconds
Build info: version: &apos;3.141.59&apos;, revision: &apos;e82be7d358&apos;, time: &apos;2018-11-14T08:17:03&apos;
System info: host: &apos;UCREATE-65-PC&apos;, ip: &apos;192.168.0.36&apos;, os.name: &apos;Windows 7&apos;, os.arch: &apos;amd64&apos;, os.version: &apos;6.1&apos;, java.version: &apos;12&apos;
Driver info: org.openqa.selenium.chrome.ChromeDriver
Capabilities {acceptInsecureCerts: false, acceptSslCerts: false, applicationCacheEnabled: false, browserConnectionEnabled: false, browserName: chrome, chrome: {chromedriverVersion: 74.0.3729.6 (255758eccf3d24..., userDataDir: C:\Users\UCREAT~1\AppData\L...}, cssSelectorsEnabled: true, databaseEnabled: false, goog:chromeOptions: {debuggerAddress: localhost:56074}, handlesAlerts: true, hasTouchScreen: false, javascriptEnabled: true, locationContextEnabled: true, mobileEmulationEnabled: false, nativeEvents: true, networkConnectionEnabled: false, pageLoadStrategy: normal, platform: XP, platformName: XP, proxy: Proxy(), rotatable: false, setWindowRect: true, strictFileInteractability: false, takesHeapSnapshot: true, takesScreenshot: true, timeouts: {implicit: 0, pageLoad: 300000, script: 30000}, unexpectedAlertBehaviour: ignore, unhandledPromptBehavior: ignore, version: 74.0.3729.169, webStorageEnabled: true}
Session ID: e0286b4aba5eab0f86f664039f88a1b3
	at org.openqa.selenium.remote.ErrorHandler.createThrowable(ErrorHandler.java:214)
	at org.openqa.selenium.remote.ErrorHandler.throwIfResponseFailed(ErrorHandler.java:166)
	at org.openqa.selenium.remote.http.JsonHttpResponseCodec.reconstructValue(JsonHttpResponseCodec.java:40)
	at org.openqa.selenium.remote.http.AbstractHttpResponseCodec.decode(AbstractHttpResponseCodec.java:80)
	at org.openqa.selenium.remote.http.AbstractHttpResponseCodec.decode(AbstractHttpResponseCodec.java:44)
	at org.openqa.selenium.remote.HttpCommandExecutor.execute(HttpCommandExecutor.java:158)
	at org.openqa.selenium.remote.service.DriverCommandExecutor.execute(DriverCommandExecutor.java:83)
	at org.openqa.selenium.remote.RemoteWebDriver.execute(RemoteWebDriver.java:552)
	at org.openqa.selenium.remote.RemoteWebElement.execute(RemoteWebElement.java:285)
	at org.openqa.selenium.remote.RemoteWebElement.click(RemoteWebElement.java:84)
	at Maven.Rateupdate.blank1LTDrate(Rateupdate.java:122)
	at java.base/java.util.concurrent.FutureTask.run(FutureTask.java:264)
	at java.base/java.util.concurrent.ThreadPoolExecutor.runWorker(ThreadPoolExecutor.java:1128)
	at java.base/java.util.concurrent.ThreadPoolExecutor$Worker.run(ThreadPoolExecutor.java:628)
	at java.base/java.lang.Thread.run(Thread.java:835)
... Removed 21 stack frames
</div> <!-- stack-trace -->
                  <em>
(Verify the redirection to Paye tab with error messages when hc filled  only filled in LTD rates and click on done )                  </em>
                </div> <!-- method-content -->
              </div> <!-- method -->
              <div class="method">
                <div class="method-content">
                  <a name="blankLTDrate">
                  </a> <!-- blankLTDrate -->
                  <span class="method-name">blankLTDrate</span>
                  <div class="stack-trace">org.openqa.selenium.ElementClickInterceptedException: element click intercepted: Element &lt;button class=&quot;green-primary-btn&quot;&gt;...&lt;/button&gt; is not clickable at point (1373, 726). Other element would receive the click: &lt;iframe src=&quot;https://app.hubspot.com/conversations-visitor/4584478/threads/utk/ad334c9767aa4a0b9d1e98331a08fabe?uuid=99265e128b5f4a809259cc50ac05490a&amp;amp;mobile=false&amp;amp;mobileSafari=false&amp;amp;open=false&amp;amp;hideWelcomeMessage=false&amp;amp;domain=uat.connected2.io&amp;amp;inApp53=false&amp;amp;messagesUtk=ad334c9767aa4a0b9d1e98331a08fabe&amp;amp;url=https%3A%2F%2Fuat.connected2.io%2Fhclogin&amp;amp;inline=false&quot;&gt;&lt;/iframe&gt;
  (Session info: chrome=74.0.3729.169)
  (Driver info: chromedriver=74.0.3729.6 (255758eccf3d244491b8a1317aa76e1ce10d57e9-refs/branch-heads/3729@{#29}),platform=Windows NT 6.1.7601 SP1 x86_64) (WARNING: The server did not provide any stacktrace information)
Command duration or timeout: 0 milliseconds
Build info: version: &apos;3.141.59&apos;, revision: &apos;e82be7d358&apos;, time: &apos;2018-11-14T08:17:03&apos;
System info: host: &apos;UCREATE-65-PC&apos;, ip: &apos;192.168.0.36&apos;, os.name: &apos;Windows 7&apos;, os.arch: &apos;amd64&apos;, os.version: &apos;6.1&apos;, java.version: &apos;12&apos;
Driver info: org.openqa.selenium.chrome.ChromeDriver
Capabilities {acceptInsecureCerts: false, acceptSslCerts: false, applicationCacheEnabled: false, browserConnectionEnabled: false, browserName: chrome, chrome: {chromedriverVersion: 74.0.3729.6 (255758eccf3d24..., userDataDir: C:\Users\UCREAT~1\AppData\L...}, cssSelectorsEnabled: true, databaseEnabled: false, goog:chromeOptions: {debuggerAddress: localhost:56074}, handlesAlerts: true, hasTouchScreen: false, javascriptEnabled: true, locationContextEnabled: true, mobileEmulationEnabled: false, nativeEvents: true, networkConnectionEnabled: false, pageLoadStrategy: normal, platform: XP, platformName: XP, proxy: Proxy(), rotatable: false, setWindowRect: true, strictFileInteractability: false, takesHeapSnapshot: true, takesScreenshot: true, timeouts: {implicit: 0, pageLoad: 300000, script: 30000}, unexpectedAlertBehaviour: ignore, unhandledPromptBehavior: ignore, version: 74.0.3729.169, webStorageEnabled: true}
Session ID: e0286b4aba5eab0f86f664039f88a1b3
	at org.openqa.selenium.remote.ErrorHandler.createThrowable(ErrorHandler.java:214)
	at org.openqa.selenium.remote.ErrorHandler.throwIfResponseFailed(ErrorHandler.java:166)
	at org.openqa.selenium.remote.http.JsonHttpResponseCodec.reconstructValue(JsonHttpResponseCodec.java:40)
	at org.openqa.selenium.remote.http.AbstractHttpResponseCodec.decode(AbstractHttpResponseCodec.java:80)
	at org.openqa.selenium.remote.http.AbstractHttpResponseCodec.decode(AbstractHttpResponseCodec.java:44)
	at org.openqa.selenium.remote.HttpCommandExecutor.execute(HttpCommandExecutor.java:158)
	at org.openqa.selenium.remote.service.DriverCommandExecutor.execute(DriverCommandExecutor.java:83)
	at org.openqa.selenium.remote.RemoteWebDriver.execute(RemoteWebDriver.java:552)
	at org.openqa.selenium.remote.RemoteWebElement.execute(RemoteWebElement.java:285)
	at org.openqa.selenium.remote.RemoteWebElement.click(RemoteWebElement.java:84)
	at Maven.Rateupdate.blankLTDrate(Rateupdate.java:48)
	at java.base/java.util.concurrent.FutureTask.run(FutureTask.java:264)
	at java.base/java.util.concurrent.ThreadPoolExecutor.runWorker(ThreadPoolExecutor.java:1128)
	at java.base/java.util.concurrent.ThreadPoolExecutor$Worker.run(ThreadPoolExecutor.java:628)
	at java.base/java.lang.Thread.run(Thread.java:835)
... Removed 21 stack frames
</div> <!-- stack-trace -->
                  <em>
(Verify Error messagw will comes up when HC not filled in LTD and payee rates)                  </em>
                </div> <!-- method-content -->
              </div> <!-- method -->
            </div> <!-- main-panel-content rounded-window-bottom -->
          </div> <!-- suite-test-suite-class-failed -->
          <div class="suite-test-suite-class-passed">
            <div class="main-panel-header rounded-window-top">
              <img src="passed.png"/>
              <span class="class-name">Maven.JobToScheduleFilter</span>
            </div> <!-- main-panel-header rounded-window-top -->
            <div class="main-panel-content rounded-window-bottom">
              <div class="method">
                <div class="method-content">
                  <a name="Unallocatedjobs">
                  </a> <!-- Unallocatedjobs -->
                  <span class="method-name">Unallocatedjobs</span>
                  <em>
(Verify unallocated filter working or not)                  </em>
                </div> <!-- method-content -->
              </div> <!-- method -->
              <div class="method">
                <div class="method-content">
                  <a name="WaitingToStart">
                  </a> <!-- WaitingToStart -->
                  <span class="method-name">WaitingToStart</span>
                  <em>
(Verify waiting to start filter working or not)                  </em>
                </div> <!-- method-content -->
              </div> <!-- method -->
              <div class="method">
                <div class="method-content">
                  <a name="expiredfilter">
                  </a> <!-- expiredfilter -->
                  <span class="method-name">expiredfilter</span>
                  <em>
(Verify expired filter working or not)                  </em>
                </div> <!-- method-content -->
              </div> <!-- method -->
            </div> <!-- main-panel-content rounded-window-bottom -->
          </div> <!-- suite-test-suite-class-passed -->
          <div class="suite-test-suite-class-passed">
            <div class="main-panel-header rounded-window-top">
              <img src="passed.png"/>
              <span class="class-name">Maven.Driverinvite</span>
            </div> <!-- main-panel-header rounded-window-top -->
            <div class="main-panel-content rounded-window-bottom">
              <div class="method">
                <div class="method-content">
                  <a name="createjobwithvaliddetails">
                  </a> <!-- createjobwithvaliddetails -->
                  <span class="method-name">createjobwithvaliddetails</span>
                  <em>
(When HC enter invalid email for inviting driver)                  </em>
                </div> <!-- method-content -->
              </div> <!-- method -->
              <div class="method">
                <div class="method-content">
                  <a name="drivervalidemail1">
                  </a> <!-- drivervalidemail1 -->
                  <span class="method-name">drivervalidemail1</span>
                  <em>
(when enter valid email id but not registered with C2 platform)                  </em>
                </div> <!-- method-content -->
              </div> <!-- method -->
              <div class="method">
                <div class="method-content">
                  <a name="drivervalidemail3">
                  </a> <!-- drivervalidemail3 -->
                  <span class="method-name">drivervalidemail3</span>
                  <em>
(when HC try to invite already invited driver)                  </em>
                </div> <!-- method-content -->
              </div> <!-- method -->
            </div> <!-- main-panel-content rounded-window-bottom -->
          </div> <!-- suite-test-suite-class-passed -->
          <div class="suite-test-suite-class-passed">
            <div class="main-panel-header rounded-window-top">
              <img src="passed.png"/>
              <span class="class-name">Maven.Dashboard</span>
            </div> <!-- main-panel-header rounded-window-top -->
            <div class="main-panel-content rounded-window-bottom">
              <div class="method">
                <div class="method-content">
                  <a name="Drivermanagementlink">
                  </a> <!-- Drivermanagementlink -->
                  <span class="method-name">Drivermanagementlink</span>
                  <em>
(Verify driver management link working or not)                  </em>
                </div> <!-- method-content -->
              </div> <!-- method -->
              <div class="method">
                <div class="method-content">
                  <a name="Jobstoreview">
                  </a> <!-- Jobstoreview -->
                  <span class="method-name">Jobstoreview</span>
                  <em>
(Verify Dashboard link working or not)                  </em>
                </div> <!-- method-content -->
              </div> <!-- method -->
              <div class="method">
                <div class="method-content">
                  <a name="NOtificationicon">
                  </a> <!-- NOtificationicon -->
                  <span class="method-name">NOtificationicon</span>
                  <em>
(Verify notification icon working or not)                  </em>
                </div> <!-- method-content -->
              </div> <!-- method -->
              <div class="method">
                <div class="method-content">
                  <a name="NotYetAllocatedCount">
                  </a> <!-- NotYetAllocatedCount -->
                  <span class="method-name">NotYetAllocatedCount</span>
                  <em>
(Verify Not yet allocated count matched with records or not after redirection from dashboard)                  </em>
                </div> <!-- method-content -->
              </div> <!-- method -->
              <div class="method">
                <div class="method-content">
                  <a name="OnTimeCount">
                  </a> <!-- OnTimeCount -->
                  <span class="method-name">OnTimeCount</span>
                  <em>
(Verify OnTime count matched with records or not after redirection from dashboard)                  </em>
                </div> <!-- method-content -->
              </div> <!-- method -->
              <div class="method">
                <div class="method-content">
                  <a name="Profilelinkname">
                  </a> <!-- Profilelinkname -->
                  <span class="method-name">Profilelinkname</span>
                  <em>
(Verify Profile link working on name or not)                  </em>
                </div> <!-- method-content -->
              </div> <!-- method -->
              <div class="method">
                <div class="method-content">
                  <a name="Profilelinktext">
                  </a> <!-- Profilelinktext -->
                  <span class="method-name">Profilelinktext</span>
                  <em>
(Verify Profile link working on Profile text or not)                  </em>
                </div> <!-- method-content -->
              </div> <!-- method -->
              <div class="method">
                <div class="method-content">
                  <a name="RunningLateCount">
                  </a> <!-- RunningLateCount -->
                  <span class="method-name">RunningLateCount</span>
                  <em>
(Verify Running late count matched with records or not after redirection from dashboard)                  </em>
                </div> <!-- method-content -->
              </div> <!-- method -->
              <div class="method">
                <div class="method-content">
                  <a name="Settingstext">
                  </a> <!-- Settingstext -->
                  <span class="method-name">Settingstext</span>
                  <em>
(Verify Profile link working on Settings or not)                  </em>
                </div> <!-- method-content -->
              </div> <!-- method -->
              <div class="method">
                <div class="method-content">
                  <a name="WaitingToStartCount">
                  </a> <!-- WaitingToStartCount -->
                  <span class="method-name">WaitingToStartCount</span>
                  <em>
(Verify Waiting to start count matched with records or not after redirection from dashboard)                  </em>
                </div> <!-- method-content -->
              </div> <!-- method -->
              <div class="method">
                <div class="method-content">
                  <a name="jobaschedulelink">
                  </a> <!-- jobaschedulelink -->
                  <span class="method-name">jobaschedulelink</span>
                  <em>
(Verify Job schedule link working or not)                  </em>
                </div> <!-- method-content -->
              </div> <!-- method -->
              <div class="method">
                <div class="method-content">
                  <a name="jobstoreviewlink">
                  </a> <!-- jobstoreviewlink -->
                  <span class="method-name">jobstoreviewlink</span>
                  <em>
(Verify Jobs to review link working or not)                  </em>
                </div> <!-- method-content -->
              </div> <!-- method -->
              <div class="method">
                <div class="method-content">
                  <a name="profilelinkicon">
                  </a> <!-- profilelinkicon -->
                  <span class="method-name">profilelinkicon</span>
                  <em>
(Verify Profile link working on profile icon or not)                  </em>
                </div> <!-- method-content -->
              </div> <!-- method -->
            </div> <!-- main-panel-content rounded-window-bottom -->
          </div> <!-- suite-test-suite-class-passed -->
          <div class="suite-test-suite-class-passed">
            <div class="main-panel-header rounded-window-top">
              <img src="passed.png"/>
              <span class="class-name">Maven.Login</span>
            </div> <!-- main-panel-header rounded-window-top -->
            <div class="main-panel-content rounded-window-bottom">
              <div class="method">
                <div class="method-content">
                  <a name="testwithinvaliddetails">
                  </a> <!-- testwithinvaliddetails -->
                  <span class="method-name">testwithinvaliddetails</span>
                </div> <!-- method-content -->
              </div> <!-- method -->
              <div class="method">
                <div class="method-content">
                  <a name="testwithinvalidemail">
                  </a> <!-- testwithinvalidemail -->
                  <span class="method-name">testwithinvalidemail</span>
                </div> <!-- method-content -->
              </div> <!-- method -->
              <div class="method">
                <div class="method-content">
                  <a name="testwithinvalidpassword">
                  </a> <!-- testwithinvalidpassword -->
                  <span class="method-name">testwithinvalidpassword</span>
                </div> <!-- method-content -->
              </div> <!-- method -->
              <div class="method">
                <div class="method-content">
                  <a name="testwithvalidemail">
                  </a> <!-- testwithvalidemail -->
                  <span class="method-name">testwithvalidemail</span>
                </div> <!-- method-content -->
              </div> <!-- method -->
              <div class="method">
                <div class="method-content">
                  <a name="testwithvalidpassword">
                  </a> <!-- testwithvalidpassword -->
                  <span class="method-name">testwithvalidpassword</span>
                </div> <!-- method-content -->
              </div> <!-- method -->
            </div> <!-- main-panel-content rounded-window-bottom -->
          </div> <!-- suite-test-suite-class-passed -->
          <div class="suite-test-suite-class-passed">
            <div class="main-panel-header rounded-window-top">
              <img src="passed.png"/>
              <span class="class-name">Maven.Forgotpassword</span>
            </div> <!-- main-panel-header rounded-window-top -->
            <div class="main-panel-content rounded-window-bottom">
              <div class="method">
                <div class="method-content">
                  <a name="testredirectforgot">
                  </a> <!-- testredirectforgot -->
                  <span class="method-name">testredirectforgot</span>
                  <em>
(Test case 1-----when HC click on forgot password link.Need to verify redirection)                  </em>
                </div> <!-- method-content -->
              </div> <!-- method -->
              <div class="method">
                <div class="method-content">
                  <a name="testwithblankemail">
                  </a> <!-- testwithblankemail -->
                  <span class="method-name">testwithblankemail</span>
                  <em>
(Test case 4-----when HC entered blank email in forgot password screen)                  </em>
                </div> <!-- method-content -->
              </div> <!-- method -->
              <div class="method">
                <div class="method-content">
                  <a name="testwithblankpassword">
                  </a> <!-- testwithblankpassword -->
                  <span class="method-name">testwithblankpassword</span>
                  <em>
(Test case 6-----when HC entered the blank password in reset password screen)                  </em>
                </div> <!-- method-content -->
              </div> <!-- method -->
              <div class="method">
                <div class="method-content">
                  <a name="testwithdifferentpassword">
                  </a> <!-- testwithdifferentpassword -->
                  <span class="method-name">testwithdifferentpassword</span>
                  <em>
(Test case 8-----when HC entered the different password in reset password screen)                  </em>
                </div> <!-- method-content -->
              </div> <!-- method -->
              <div class="method">
                <div class="method-content">
                  <a name="testwithinvalidemail">
                  </a> <!-- testwithinvalidemail -->
                  <span class="method-name">testwithinvalidemail</span>
                  <em>
(Test case 3-----when HC entered invalid email in forgot password screen)                  </em>
                </div> <!-- method-content -->
              </div> <!-- method -->
              <div class="method">
                <div class="method-content">
                  <a name="testwithunmatchedformatpassword">
                  </a> <!-- testwithunmatchedformatpassword -->
                  <span class="method-name">testwithunmatchedformatpassword</span>
                  <em>
(Test case 7-----when HC entered the password which not matched the password format  in reset password screen)                  </em>
                </div> <!-- method-content -->
              </div> <!-- method -->
              <div class="method">
                <div class="method-content">
                  <a name="testwithvalidemail">
                  </a> <!-- testwithvalidemail -->
                  <span class="method-name">testwithvalidemail</span>
                  <em>
(Test case 2-----when HC entered valid email in forgot password screen)                  </em>
                </div> <!-- method-content -->
              </div> <!-- method -->
              <div class="method">
                <div class="method-content">
                  <a name="testwithvalidpassword">
                  </a> <!-- testwithvalidpassword -->
                  <span class="method-name">testwithvalidpassword</span>
                  <em>
(Test case 5-----when HC entered the valid password in reset password screen for successfully changing the password)                  </em>
                </div> <!-- method-content -->
              </div> <!-- method -->
            </div> <!-- main-panel-content rounded-window-bottom -->
          </div> <!-- suite-test-suite-class-passed -->
        </div> <!-- panel test-suite -->
        <div panel-name="test-xml-test-suite" class="panel">
          <div class="main-panel-header rounded-window-top">
            <span class="header-content">C:\Users\ucreate-65\eclipse-workspace\ConnectedTwo\Testng.xml</span>
          </div> <!-- main-panel-header rounded-window-top -->
          <div class="main-panel-content rounded-window-bottom">
            <pre>
&lt;?xml version=&quot;1.0&quot; encoding=&quot;UTF-8&quot;?&gt;
&lt;!DOCTYPE suite SYSTEM &quot;http://testng.org/testng-1.0.dtd&quot;&gt;
&lt;suite parallel=&quot;tests&quot; name=&quot;test-suite&quot; guice-stage=&quot;DEVELOPMENT&quot;&gt;
  &lt;listeners&gt;
    &lt;listener class-name=&quot;com.qa.Extentreportlistener.Extentreportlistener&quot;/&gt;
  &lt;/listeners&gt;
  &lt;test thread-count=&quot;5&quot; parallel=&quot;tests&quot; name=&quot;tests&quot;&gt;
    &lt;classes&gt;
      &lt;class name=&quot;Maven.Login&quot;/&gt;
      &lt;class name=&quot;Maven.Forgotpassword&quot;/&gt;
      &lt;class name=&quot;Maven.Createjob&quot;/&gt;
      &lt;class name=&quot;Maven.JobToScheduleFilter&quot;/&gt;
      &lt;class name=&quot;Maven.Rateupdate&quot;/&gt;
      &lt;class name=&quot;Maven.HCcreate&quot;/&gt;
      &lt;class name=&quot;Maven.Dashboard&quot;/&gt;
      &lt;class name=&quot;Maven.Driverinvite&quot;/&gt;
    &lt;/classes&gt;
  &lt;/test&gt; &lt;!-- tests --&gt;
&lt;/suite&gt; &lt;!-- test-suite --&gt;
            </pre>
          </div> <!-- main-panel-content rounded-window-bottom -->
        </div> <!-- panel -->
        <div panel-name="testlist-test-suite" class="panel">
          <div class="main-panel-header rounded-window-top">
            <span class="header-content">Tests for test-suite</span>
          </div> <!-- main-panel-header rounded-window-top -->
          <div class="main-panel-content rounded-window-bottom">
            <ul>
              <li>
                <span class="test-name">tests (8 classes)</span>
              </li>
            </ul>
          </div> <!-- main-panel-content rounded-window-bottom -->
        </div> <!-- panel -->
        <div panel-name="group-test-suite" class="panel">
          <div class="main-panel-header rounded-window-top">
            <span class="header-content">Groups for test-suite</span>
          </div> <!-- main-panel-header rounded-window-top -->
          <div class="main-panel-content rounded-window-bottom">
          </div> <!-- main-panel-content rounded-window-bottom -->
        </div> <!-- panel -->
        <div panel-name="times-test-suite" class="panel">
          <div class="main-panel-header rounded-window-top">
            <span class="header-content">Times for test-suite</span>
          </div> <!-- main-panel-header rounded-window-top -->
          <div class="main-panel-content rounded-window-bottom">
            <div class="times-div">
              <script type="text/javascript">
suiteTableInitFunctions.push('tableData_test-suite');
function tableData_test-suite() {
var data = new google.visualization.DataTable();
data.addColumn('number', 'Number');
data.addColumn('string', 'Method');
data.addColumn('string', 'Class');
data.addColumn('number', 'Time (ms)');
data.addRows(50);
data.setCell(0, 0, 0)
data.setCell(0, 1, 'drivervalidemail')
data.setCell(0, 2, 'Maven.Driverinvite')
data.setCell(0, 3, 20605);
data.setCell(1, 0, 1)
data.setCell(1, 1, 'testwithblankpassword')
data.setCell(1, 2, 'Maven.Forgotpassword')
data.setCell(1, 3, 19911);
data.setCell(2, 0, 2)
data.setCell(2, 1, 'testwithunmatchedformatpassword')
data.setCell(2, 2, 'Maven.Forgotpassword')
data.setCell(2, 3, 17606);
data.setCell(3, 0, 3)
data.setCell(3, 1, 'testwithdifferentpassword')
data.setCell(3, 2, 'Maven.Forgotpassword')
data.setCell(3, 3, 17415);
data.setCell(4, 0, 4)
data.setCell(4, 1, 'WaitingToStartCount')
data.setCell(4, 2, 'Maven.Dashboard')
data.setCell(4, 3, 16463);
data.setCell(5, 0, 5)
data.setCell(5, 1, 'testwithvalidpassword')
data.setCell(5, 2, 'Maven.Forgotpassword')
data.setCell(5, 3, 15812);
data.setCell(6, 0, 6)
data.setCell(6, 1, 'NotYetAllocatedCount')
data.setCell(6, 2, 'Maven.Dashboard')
data.setCell(6, 3, 15786);
data.setCell(7, 0, 7)
data.setCell(7, 1, 'Unallocatedjobs')
data.setCell(7, 2, 'Maven.JobToScheduleFilter')
data.setCell(7, 3, 14912);
data.setCell(8, 0, 8)
data.setCell(8, 1, 'expiredfilter')
data.setCell(8, 2, 'Maven.JobToScheduleFilter')
data.setCell(8, 3, 13809);
data.setCell(9, 0, 9)
data.setCell(9, 1, 'nextbuttondisable')
data.setCell(9, 2, 'Maven.Createjob')
data.setCell(9, 3, 12050);
data.setCell(10, 0, 10)
data.setCell(10, 1, 'hcwithblankdetails')
data.setCell(10, 2, 'Maven.HCcreate')
data.setCell(10, 3, 12023);
data.setCell(11, 0, 11)
data.setCell(11, 1, 'RunningLateCount')
data.setCell(11, 2, 'Maven.Dashboard')
data.setCell(11, 3, 11386);
data.setCell(12, 0, 12)
data.setCell(12, 1, 'Applications')
data.setCell(12, 2, 'Maven.JobToScheduleFilter')
data.setCell(12, 3, 10447);
data.setCell(13, 0, 13)
data.setCell(13, 1, 'testwithvaliddetails')
data.setCell(13, 2, 'Maven.Login')
data.setCell(13, 3, 10095);
data.setCell(14, 0, 14)
data.setCell(14, 1, 'hcwithvaliddetails')
data.setCell(14, 2, 'Maven.HCcreate')
data.setCell(14, 3, 10066);
data.setCell(15, 0, 15)
data.setCell(15, 1, 'nextbuttondisableasndbackbuttonenable')
data.setCell(15, 2, 'Maven.Createjob')
data.setCell(15, 3, 10034);
data.setCell(16, 0, 16)
data.setCell(16, 1, 'hcwithinvalidurl')
data.setCell(16, 2, 'Maven.HCcreate')
data.setCell(16, 3, 10026);
data.setCell(17, 0, 17)
data.setCell(17, 1, 'hcwithinvalidemail')
data.setCell(17, 2, 'Maven.HCcreate')
data.setCell(17, 3, 10022);
data.setCell(18, 0, 18)
data.setCell(18, 1, 'hcwithexistingemail')
data.setCell(18, 2, 'Maven.HCcreate')
data.setCell(18, 3, 10020);
data.setCell(19, 0, 19)
data.setCell(19, 1, 'hcwithinvalidpostcode')
data.setCell(19, 2, 'Maven.HCcreate')
data.setCell(19, 3, 10017);
data.setCell(20, 0, 20)
data.setCell(20, 1, 'blank11LTDrate')
data.setCell(20, 2, 'Maven.Rateupdate')
data.setCell(20, 3, 7847);
data.setCell(21, 0, 21)
data.setCell(21, 1, 'drivervalidemail1')
data.setCell(21, 2, 'Maven.Driverinvite')
data.setCell(21, 3, 7349);
data.setCell(22, 0, 22)
data.setCell(22, 1, 'drivervalidemail3')
data.setCell(22, 2, 'Maven.Driverinvite')
data.setCell(22, 3, 7243);
data.setCell(23, 0, 23)
data.setCell(23, 1, 'drivervalidiemail')
data.setCell(23, 2, 'Maven.Driverinvite')
data.setCell(23, 3, 5859);
data.setCell(24, 0, 24)
data.setCell(24, 1, 'createjobwithvaliddetails')
data.setCell(24, 2, 'Maven.Driverinvite')
data.setCell(24, 3, 5244);
data.setCell(25, 0, 25)
data.setCell(25, 1, 'blank1LTDrate')
data.setCell(25, 2, 'Maven.Rateupdate')
data.setCell(25, 3, 4384);
data.setCell(26, 0, 26)
data.setCell(26, 1, 'WaitingToStart')
data.setCell(26, 2, 'Maven.JobToScheduleFilter')
data.setCell(26, 3, 3574);
data.setCell(27, 0, 27)
data.setCell(27, 1, 'nextbuttondisableandbackbuttonenable')
data.setCell(27, 2, 'Maven.Createjob')
data.setCell(27, 3, 3434);
data.setCell(28, 0, 28)
data.setCell(28, 1, 'testwithvalidemail')
data.setCell(28, 2, 'Maven.Forgotpassword')
data.setCell(28, 3, 3269);
data.setCell(29, 0, 29)
data.setCell(29, 1, 'testwithinvalidemail')
data.setCell(29, 2, 'Maven.Forgotpassword')
data.setCell(29, 3, 3255);
data.setCell(30, 0, 30)
data.setCell(30, 1, 'testwithblankemail')
data.setCell(30, 2, 'Maven.Forgotpassword')
data.setCell(30, 3, 3190);
data.setCell(31, 0, 31)
data.setCell(31, 1, 'OnTimeCount')
data.setCell(31, 2, 'Maven.Dashboard')
data.setCell(31, 3, 2319);
data.setCell(32, 0, 32)
data.setCell(32, 1, 'testwithinvaliddetails')
data.setCell(32, 2, 'Maven.Login')
data.setCell(32, 3, 1460);
data.setCell(33, 0, 33)
data.setCell(33, 1, 'blankLTDrate')
data.setCell(33, 2, 'Maven.Rateupdate')
data.setCell(33, 3, 1371);
data.setCell(34, 0, 34)
data.setCell(34, 1, 'testwithinvalidpassword')
data.setCell(34, 2, 'Maven.Login')
data.setCell(34, 3, 843);
data.setCell(35, 0, 35)
data.setCell(35, 1, 'testwithinvalidemail')
data.setCell(35, 2, 'Maven.Login')
data.setCell(35, 3, 721);
data.setCell(36, 0, 36)
data.setCell(36, 1, 'nextbuttonenable')
data.setCell(36, 2, 'Maven.Createjob')
data.setCell(36, 3, 530);
data.setCell(37, 0, 37)
data.setCell(37, 1, 'main')
data.setCell(37, 2, 'Maven.Createjob')
data.setCell(37, 3, 469);
data.setCell(38, 0, 38)
data.setCell(38, 1, 'jobaschedulelink')
data.setCell(38, 2, 'Maven.Dashboard')
data.setCell(38, 3, 390);
data.setCell(39, 0, 39)
data.setCell(39, 1, 'Settingstext')
data.setCell(39, 2, 'Maven.Dashboard')
data.setCell(39, 3, 379);
data.setCell(40, 0, 40)
data.setCell(40, 1, 'jobstoreviewlink')
data.setCell(40, 2, 'Maven.Dashboard')
data.setCell(40, 3, 366);
data.setCell(41, 0, 41)
data.setCell(41, 1, 'Jobstoreview')
data.setCell(41, 2, 'Maven.Dashboard')
data.setCell(41, 3, 336);
data.setCell(42, 0, 42)
data.setCell(42, 1, 'profilelinkicon')
data.setCell(42, 2, 'Maven.Dashboard')
data.setCell(42, 3, 315);
data.setCell(43, 0, 43)
data.setCell(43, 1, 'Drivermanagementlink')
data.setCell(43, 2, 'Maven.Dashboard')
data.setCell(43, 3, 308);
data.setCell(44, 0, 44)
data.setCell(44, 1, 'Profilelinktext')
data.setCell(44, 2, 'Maven.Dashboard')
data.setCell(44, 3, 307);
data.setCell(45, 0, 45)
data.setCell(45, 1, 'NOtificationicon')
data.setCell(45, 2, 'Maven.Dashboard')
data.setCell(45, 3, 288);
data.setCell(46, 0, 46)
data.setCell(46, 1, 'Profilelinkname')
data.setCell(46, 2, 'Maven.Dashboard')
data.setCell(46, 3, 257);
data.setCell(47, 0, 47)
data.setCell(47, 1, 'testwithvalidemail')
data.setCell(47, 2, 'Maven.Login')
data.setCell(47, 3, 254);
data.setCell(48, 0, 48)
data.setCell(48, 1, 'testredirectforgot')
data.setCell(48, 2, 'Maven.Forgotpassword')
data.setCell(48, 3, 231);
data.setCell(49, 0, 49)
data.setCell(49, 1, 'testwithvalidpassword')
data.setCell(49, 2, 'Maven.Login')
data.setCell(49, 3, 176);
window.suiteTableData['test-suite']= { tableData: data, tableDiv: 'times-div-test-suite'}
return data;
}
              </script>
              <span class="suite-total-time">Total running time: 5 minutes</span>
              <div id="times-div-test-suite">
              </div> <!-- times-div-test-suite -->
            </div> <!-- times-div -->
          </div> <!-- main-panel-content rounded-window-bottom -->
        </div> <!-- panel -->
        <div panel-name="reporter-test-suite" class="panel">
          <div class="main-panel-header rounded-window-top">
            <span class="header-content">Reporter output for test-suite</span>
          </div> <!-- main-panel-header rounded-window-top -->
          <div class="main-panel-content rounded-window-bottom">
          </div> <!-- main-panel-content rounded-window-bottom -->
        </div> <!-- panel -->
        <div panel-name="ignored-methods-test-suite" class="panel">
          <div class="main-panel-header rounded-window-top">
            <span class="header-content">0 ignored methods</span>
          </div> <!-- main-panel-header rounded-window-top -->
          <div class="main-panel-content rounded-window-bottom">
          </div> <!-- main-panel-content rounded-window-bottom -->
        </div> <!-- panel -->
        <div panel-name="chronological-test-suite" class="panel">
          <div class="main-panel-header rounded-window-top">
            <span class="header-content">Methods in chronological order</span>
          </div> <!-- main-panel-header rounded-window-top -->
          <div class="main-panel-content rounded-window-bottom">
            <div class="chronological-class">
              <div class="chronological-class-name">Maven.Createjob</div> <!-- chronological-class-name -->
              <div class="configuration-test before">
                <span class="method-name">beforeMethod</span>
                <span class="method-start">0 ms</span>
              </div> <!-- configuration-test before -->
            </div> <!-- chronological-class -->
            <div class="chronological-class">
              <div class="chronological-class-name">Maven.Dashboard</div> <!-- chronological-class-name -->
              <div class="configuration-test before">
                <span class="method-name">beforeMethod</span>
                <span class="method-start">9728 ms</span>
              </div> <!-- configuration-test before -->
            </div> <!-- chronological-class -->
            <div class="chronological-class">
              <div class="chronological-class-name">Maven.Driverinvite</div> <!-- chronological-class-name -->
              <div class="configuration-test before">
                <span class="method-name">beforeMethod</span>
                <span class="method-start">16934 ms</span>
              </div> <!-- configuration-test before -->
            </div> <!-- chronological-class -->
            <div class="chronological-class">
              <div class="chronological-class-name">Maven.HCcreate</div> <!-- chronological-class-name -->
              <div class="configuration-test before">
                <span class="method-name">beforeMethod</span>
                <span class="method-start">27587 ms</span>
              </div> <!-- configuration-test before -->
            </div> <!-- chronological-class -->
            <div class="chronological-class">
              <div class="chronological-class-name">Maven.JobToScheduleFilter</div> <!-- chronological-class-name -->
              <div class="configuration-test before">
                <span class="method-name">beforeMethod</span>
                <span class="method-start">37799 ms</span>
              </div> <!-- configuration-test before -->
            </div> <!-- chronological-class -->
            <div class="chronological-class">
              <div class="chronological-class-name">Maven.Login</div> <!-- chronological-class-name -->
              <div class="configuration-test before">
                <span class="method-name">beforeMethod</span>
                <span class="method-start">52185 ms</span>
              </div> <!-- configuration-test before -->
            </div> <!-- chronological-class -->
            <div class="chronological-class">
              <div class="chronological-class-name">Maven.Rateupdate</div> <!-- chronological-class-name -->
              <div class="configuration-test before">
                <span class="method-name">beforeMethod</span>
                <span class="method-start">63934 ms</span>
              </div> <!-- configuration-test before -->
            </div> <!-- chronological-class -->
            <div class="chronological-class">
              <div class="chronological-class-name">Maven.Forgotpassword</div> <!-- chronological-class-name -->
              <div class="configuration-method before">
                <span class="method-name">beforeMethod</span>
                <span class="method-start">78199 ms</span>
              </div> <!-- configuration-method before -->
              <div class="test-method">
                <span class="method-name">testredirectforgot</span>
                <span class="method-start">86732 ms</span>
              </div> <!-- test-method -->
              <div class="configuration-method after">
                <span class="method-name">afterMethod</span>
                <span class="method-start">86965 ms</span>
              </div> <!-- configuration-method after -->
              <div class="configuration-method before">
                <span class="method-name">beforeMethod</span>
                <span class="method-start">87574 ms</span>
              </div> <!-- configuration-method before -->
              <div class="test-method">
                <span class="method-name">testwithblankemail</span>
                <span class="method-start">94691 ms</span>
              </div> <!-- test-method -->
              <div class="configuration-method after">
                <span class="method-name">afterMethod</span>
                <span class="method-start">97882 ms</span>
              </div> <!-- configuration-method after -->
              <div class="configuration-method before">
                <span class="method-name">beforeMethod</span>
                <span class="method-start">98469 ms</span>
              </div> <!-- configuration-method before -->
              <div class="test-method">
                <span class="method-name">testwithblankpassword</span>
                <span class="method-start">104891 ms</span>
              </div> <!-- test-method -->
              <div class="configuration-method after">
                <span class="method-name">afterMethod</span>
                <span class="method-start">124803 ms</span>
              </div> <!-- configuration-method after -->
              <div class="configuration-method before">
                <span class="method-name">beforeMethod</span>
                <span class="method-start">125421 ms</span>
              </div> <!-- configuration-method before -->
              <div class="test-method">
                <span class="method-name">testwithdifferentpassword</span>
                <span class="method-start">132045 ms</span>
              </div> <!-- test-method -->
              <div class="configuration-method after">
                <span class="method-name">afterMethod</span>
                <span class="method-start">149463 ms</span>
              </div> <!-- configuration-method after -->
              <div class="configuration-method before">
                <span class="method-name">beforeMethod</span>
                <span class="method-start">150120 ms</span>
              </div> <!-- configuration-method before -->
              <div class="test-method">
                <span class="method-name">testwithinvalidemail</span>
                <span class="method-start">157098 ms</span>
              </div> <!-- test-method -->
              <div class="configuration-method after">
                <span class="method-name">afterMethod</span>
                <span class="method-start">160354 ms</span>
              </div> <!-- configuration-method after -->
              <div class="configuration-method before">
                <span class="method-name">beforeMethod</span>
                <span class="method-start">160928 ms</span>
              </div> <!-- configuration-method before -->
              <div class="test-method">
                <span class="method-name">testwithunmatchedformatpassword</span>
                <span class="method-start">167320 ms</span>
              </div> <!-- test-method -->
              <div class="configuration-method after">
                <span class="method-name">afterMethod</span>
                <span class="method-start">184927 ms</span>
              </div> <!-- configuration-method after -->
              <div class="configuration-method before">
                <span class="method-name">beforeMethod</span>
                <span class="method-start">185512 ms</span>
              </div> <!-- configuration-method before -->
              <div class="test-method">
                <span class="method-name">testwithvalidemail</span>
                <span class="method-start">191933 ms</span>
              </div> <!-- test-method -->
              <div class="configuration-method after">
                <span class="method-name">afterMethod</span>
                <span class="method-start">195203 ms</span>
              </div> <!-- configuration-method after -->
              <div class="configuration-method before">
                <span class="method-name">beforeMethod</span>
                <span class="method-start">195878 ms</span>
              </div> <!-- configuration-method before -->
              <div class="test-method">
                <span class="method-name">testwithvalidpassword</span>
                <span class="method-start">202178 ms</span>
              </div> <!-- test-method -->
              <div class="configuration-method after">
                <span class="method-name">afterMethod</span>
                <span class="method-start">217991 ms</span>
              </div> <!-- configuration-method after -->
            </div> <!-- chronological-class -->
            <div class="chronological-class">
              <div class="chronological-class-name">Maven.Driverinvite</div> <!-- chronological-class-name -->
              <div class="test-method">
                <span class="method-name">createjobwithvaliddetails</span>
                <span class="method-start">218621 ms</span>
              </div> <!-- test-method -->
              <div class="test-method">
                <span class="method-name">drivervalidemail1</span>
                <span class="method-start">223867 ms</span>
              </div> <!-- test-method -->
            </div> <!-- chronological-class -->
            <div class="chronological-class">
              <div class="chronological-class-name">Maven.Login</div> <!-- chronological-class-name -->
              <div class="test-method">
                <span class="method-name">testwithvalidpassword</span>
                <span class="method-start">231223 ms</span>
              </div> <!-- test-method -->
            </div> <!-- chronological-class -->
            <div class="chronological-class">
              <div class="chronological-class-name">Maven.Createjob</div> <!-- chronological-class-name -->
              <div class="test-method">
                <img src="failed.png">
                </img>
                <span class="method-name">main</span>
                <span class="method-start">231400 ms</span>
              </div> <!-- test-method -->
            </div> <!-- chronological-class -->
            <div class="chronological-class">
              <div class="chronological-class-name">Maven.JobToScheduleFilter</div> <!-- chronological-class-name -->
              <div class="test-method">
                <span class="method-name">Unallocatedjobs</span>
                <span class="method-start">231871 ms</span>
              </div> <!-- test-method -->
            </div> <!-- chronological-class -->
            <div class="chronological-class">
              <div class="chronological-class-name">Maven.Rateupdate</div> <!-- chronological-class-name -->
              <div class="test-method">
                <img src="failed.png">
                </img>
                <span class="method-name">blankLTDrate</span>
                <span class="method-start">246784 ms</span>
              </div> <!-- test-method -->
            </div> <!-- chronological-class -->
            <div class="chronological-class">
              <div class="chronological-class-name">Maven.HCcreate</div> <!-- chronological-class-name -->
              <div class="test-method">
                <img src="failed.png">
                </img>
                <span class="method-name">hcwithblankdetails</span>
                <span class="method-start">248157 ms</span>
              </div> <!-- test-method -->
            </div> <!-- chronological-class -->
            <div class="chronological-class">
              <div class="chronological-class-name">Maven.Dashboard</div> <!-- chronological-class-name -->
              <div class="test-method">
                <span class="method-name">jobaschedulelink</span>
                <span class="method-start">260184 ms</span>
              </div> <!-- test-method -->
            </div> <!-- chronological-class -->
            <div class="chronological-class">
              <div class="chronological-class-name">Maven.Login</div> <!-- chronological-class-name -->
              <div class="test-method">
                <span class="method-name">testwithvalidemail</span>
                <span class="method-start">260578 ms</span>
              </div> <!-- test-method -->
            </div> <!-- chronological-class -->
            <div class="chronological-class">
              <div class="chronological-class-name">Maven.Createjob</div> <!-- chronological-class-name -->
              <div class="test-method">
                <img src="failed.png">
                </img>
                <span class="method-name">nextbuttondisable</span>
                <span class="method-start">260833 ms</span>
              </div> <!-- test-method -->
            </div> <!-- chronological-class -->
            <div class="chronological-class">
              <div class="chronological-class-name">Maven.JobToScheduleFilter</div> <!-- chronological-class-name -->
              <div class="test-method">
                <span class="method-name">WaitingToStart</span>
                <span class="method-start">272887 ms</span>
              </div> <!-- test-method -->
            </div> <!-- chronological-class -->
            <div class="chronological-class">
              <div class="chronological-class-name">Maven.Rateupdate</div> <!-- chronological-class-name -->
              <div class="test-method">
                <img src="failed.png">
                </img>
                <span class="method-name">blank1LTDrate</span>
                <span class="method-start">276462 ms</span>
              </div> <!-- test-method -->
            </div> <!-- chronological-class -->
            <div class="chronological-class">
              <div class="chronological-class-name">Maven.HCcreate</div> <!-- chronological-class-name -->
              <div class="test-method">
                <img src="failed.png">
                </img>
                <span class="method-name">hcwithinvalidpostcode</span>
                <span class="method-start">280848 ms</span>
              </div> <!-- test-method -->
            </div> <!-- chronological-class -->
            <div class="chronological-class">
              <div class="chronological-class-name">Maven.Dashboard</div> <!-- chronological-class-name -->
              <div class="test-method">
                <span class="method-name">Jobstoreview</span>
                <span class="method-start">290868 ms</span>
              </div> <!-- test-method -->
            </div> <!-- chronological-class -->
            <div class="chronological-class">
              <div class="chronological-class-name">Maven.Login</div> <!-- chronological-class-name -->
              <div class="test-method">
                <span class="method-name">testwithinvaliddetails</span>
                <span class="method-start">291205 ms</span>
              </div> <!-- test-method -->
            </div> <!-- chronological-class -->
            <div class="chronological-class">
              <div class="chronological-class-name">Maven.Createjob</div> <!-- chronological-class-name -->
              <div class="test-method">
                <img src="failed.png">
                </img>
                <span class="method-name">nextbuttondisableandbackbuttonenable</span>
                <span class="method-start">292666 ms</span>
              </div> <!-- test-method -->
            </div> <!-- chronological-class -->
            <div class="chronological-class">
              <div class="chronological-class-name">Maven.JobToScheduleFilter</div> <!-- chronological-class-name -->
              <div class="test-method">
                <span class="method-name">expiredfilter</span>
                <span class="method-start">296101 ms</span>
              </div> <!-- test-method -->
            </div> <!-- chronological-class -->
            <div class="chronological-class">
              <div class="chronological-class-name">Maven.Rateupdate</div> <!-- chronological-class-name -->
              <div class="test-method">
                <img src="failed.png">
                </img>
                <span class="method-name">blank11LTDrate</span>
                <span class="method-start">309911 ms</span>
              </div> <!-- test-method -->
            </div> <!-- chronological-class -->
            <div class="chronological-class">
              <div class="chronological-class-name">Maven.HCcreate</div> <!-- chronological-class-name -->
              <div class="test-method">
                <img src="failed.png">
                </img>
                <span class="method-name">hcwithinvalidemail</span>
                <span class="method-start">317760 ms</span>
              </div> <!-- test-method -->
            </div> <!-- chronological-class -->
            <div class="chronological-class">
              <div class="chronological-class-name">Maven.Dashboard</div> <!-- chronological-class-name -->
              <div class="test-method">
                <span class="method-name">jobstoreviewlink</span>
                <span class="method-start">327785 ms</span>
              </div> <!-- test-method -->
            </div> <!-- chronological-class -->
            <div class="chronological-class">
              <div class="chronological-class-name">Maven.Driverinvite</div> <!-- chronological-class-name -->
              <div class="test-method">
                <img src="failed.png">
                </img>
                <span class="method-name">drivervalidemail</span>
                <span class="method-start">328152 ms</span>
              </div> <!-- test-method -->
            </div> <!-- chronological-class -->
            <div class="chronological-class">
              <div class="chronological-class-name">Maven.Login</div> <!-- chronological-class-name -->
              <div class="test-method">
                <span class="method-name">testwithinvalidemail</span>
                <span class="method-start">348761 ms</span>
              </div> <!-- test-method -->
            </div> <!-- chronological-class -->
            <div class="chronological-class">
              <div class="chronological-class-name">Maven.Createjob</div> <!-- chronological-class-name -->
              <div class="test-method">
                <img src="failed.png">
                </img>
                <span class="method-name">nextbuttondisableasndbackbuttonenable</span>
                <span class="method-start">349483 ms</span>
              </div> <!-- test-method -->
            </div> <!-- chronological-class -->
            <div class="chronological-class">
              <div class="chronological-class-name">Maven.JobToScheduleFilter</div> <!-- chronological-class-name -->
              <div class="test-method">
                <img src="failed.png">
                </img>
                <span class="method-name">Applications</span>
                <span class="method-start">359520 ms</span>
              </div> <!-- test-method -->
            </div> <!-- chronological-class -->
            <div class="chronological-class">
              <div class="chronological-class-name">Maven.HCcreate</div> <!-- chronological-class-name -->
              <div class="test-method">
                <img src="failed.png">
                </img>
                <span class="method-name">hcwithexistingemail</span>
                <span class="method-start">369969 ms</span>
              </div> <!-- test-method -->
            </div> <!-- chronological-class -->
            <div class="chronological-class">
              <div class="chronological-class-name">Maven.Dashboard</div> <!-- chronological-class-name -->
              <div class="test-method">
                <span class="method-name">Drivermanagementlink</span>
                <span class="method-start">379990 ms</span>
              </div> <!-- test-method -->
            </div> <!-- chronological-class -->
            <div class="chronological-class">
              <div class="chronological-class-name">Maven.Driverinvite</div> <!-- chronological-class-name -->
              <div class="test-method">
                <span class="method-name">drivervalidemail3</span>
                <span class="method-start">380298 ms</span>
              </div> <!-- test-method -->
            </div> <!-- chronological-class -->
            <div class="chronological-class">
              <div class="chronological-class-name">Maven.Login</div> <!-- chronological-class-name -->
              <div class="test-method">
                <span class="method-name">testwithinvalidpassword</span>
                <span class="method-start">387544 ms</span>
              </div> <!-- test-method -->
            </div> <!-- chronological-class -->
            <div class="chronological-class">
              <div class="chronological-class-name">Maven.Createjob</div> <!-- chronological-class-name -->
              <div class="test-method">
                <img src="failed.png">
                </img>
                <span class="method-name">nextbuttonenable</span>
                <span class="method-start">388389 ms</span>
              </div> <!-- test-method -->
            </div> <!-- chronological-class -->
            <div class="chronological-class">
              <div class="chronological-class-name">Maven.HCcreate</div> <!-- chronological-class-name -->
              <div class="test-method">
                <img src="failed.png">
                </img>
                <span class="method-name">hcwithinvalidurl</span>
                <span class="method-start">388921 ms</span>
              </div> <!-- test-method -->
            </div> <!-- chronological-class -->
            <div class="chronological-class">
              <div class="chronological-class-name">Maven.Dashboard</div> <!-- chronological-class-name -->
              <div class="test-method">
                <span class="method-name">NOtificationicon</span>
                <span class="method-start">398949 ms</span>
              </div> <!-- test-method -->
            </div> <!-- chronological-class -->
            <div class="chronological-class">
              <div class="chronological-class-name">Maven.Driverinvite</div> <!-- chronological-class-name -->
              <div class="test-method">
                <img src="failed.png">
                </img>
                <span class="method-name">drivervalidiemail</span>
                <span class="method-start">399238 ms</span>
              </div> <!-- test-method -->
            </div> <!-- chronological-class -->
            <div class="chronological-class">
              <div class="chronological-class-name">Maven.Login</div> <!-- chronological-class-name -->
              <div class="test-method">
                <img src="failed.png">
                </img>
                <span class="method-name">testwithvaliddetails</span>
                <span class="method-start">405098 ms</span>
              </div> <!-- test-method -->
            </div> <!-- chronological-class -->
            <div class="chronological-class">
              <div class="chronological-class-name">Maven.HCcreate</div> <!-- chronological-class-name -->
              <div class="test-method">
                <img src="failed.png">
                </img>
                <span class="method-name">hcwithvaliddetails</span>
                <span class="method-start">415196 ms</span>
              </div> <!-- test-method -->
            </div> <!-- chronological-class -->
            <div class="chronological-class">
              <div class="chronological-class-name">Maven.Dashboard</div> <!-- chronological-class-name -->
              <div class="test-method">
                <span class="method-name">profilelinkicon</span>
                <span class="method-start">425264 ms</span>
              </div> <!-- test-method -->
              <div class="test-method">
                <span class="method-name">Profilelinkname</span>
                <span class="method-start">425579 ms</span>
              </div> <!-- test-method -->
              <div class="test-method">
                <span class="method-name">Profilelinktext</span>
                <span class="method-start">425836 ms</span>
              </div> <!-- test-method -->
              <div class="test-method">
                <span class="method-name">Settingstext</span>
                <span class="method-start">426144 ms</span>
              </div> <!-- test-method -->
              <div class="test-method">
                <span class="method-name">OnTimeCount</span>
                <span class="method-start">426524 ms</span>
              </div> <!-- test-method -->
              <div class="test-method">
                <span class="method-name">WaitingToStartCount</span>
                <span class="method-start">428844 ms</span>
              </div> <!-- test-method -->
              <div class="test-method">
                <span class="method-name">NotYetAllocatedCount</span>
                <span class="method-start">445308 ms</span>
              </div> <!-- test-method -->
              <div class="test-method">
                <span class="method-name">RunningLateCount</span>
                <span class="method-start">461095 ms</span>
              </div> <!-- test-method -->
            </div> <!-- chronological-class -->
            <div class="chronological-class">
              <div class="chronological-class-name">Maven.Createjob</div> <!-- chronological-class-name -->
              <div class="configuration-test after">
                <span class="method-name">afterMethod</span>
                <span class="method-start">472481 ms</span>
              </div> <!-- configuration-test after -->
            </div> <!-- chronological-class -->
            <div class="chronological-class">
              <div class="chronological-class-name">Maven.Dashboard</div> <!-- chronological-class-name -->
              <div class="configuration-test after">
                <span class="method-name">afterMethod</span>
                <span class="method-start">473077 ms</span>
              </div> <!-- configuration-test after -->
            </div> <!-- chronological-class -->
            <div class="chronological-class">
              <div class="chronological-class-name">Maven.Driverinvite</div> <!-- chronological-class-name -->
              <div class="configuration-test after">
                <span class="method-name">afterMethod</span>
                <span class="method-start">473761 ms</span>
              </div> <!-- configuration-test after -->
            </div> <!-- chronological-class -->
            <div class="chronological-class">
              <div class="chronological-class-name">Maven.HCcreate</div> <!-- chronological-class-name -->
              <div class="configuration-test after">
                <span class="method-name">afterMethod</span>
                <span class="method-start">474401 ms</span>
              </div> <!-- configuration-test after -->
            </div> <!-- chronological-class -->
            <div class="chronological-class">
              <div class="chronological-class-name">Maven.JobToScheduleFilter</div> <!-- chronological-class-name -->
              <div class="configuration-test after">
                <span class="method-name">afterMethod</span>
                <span class="method-start">475134 ms</span>
              </div> <!-- configuration-test after -->
            </div> <!-- chronological-class -->
            <div class="chronological-class">
              <div class="chronological-class-name">Maven.Login</div> <!-- chronological-class-name -->
              <div class="configuration-test after">
                <span class="method-name">afterMethod</span>
                <span class="method-start">475767 ms</span>
              </div> <!-- configuration-test after -->
            </div> <!-- chronological-class -->
            <div class="chronological-class">
              <div class="chronological-class-name">Maven.Rateupdate</div> <!-- chronological-class-name -->
              <div class="configuration-test after">
                <span class="method-name">afterMethod</span>
                <span class="method-start">476391 ms</span>
              </div> <!-- configuration-test after -->
          </div> <!-- main-panel-content rounded-window-bottom -->
        </div> <!-- panel -->
      </div> <!-- main-panel-root -->
    </div> <!-- wrapper -->
  </body>
</html>
